[  848222ms] [ERROR] Failed to load resource: the server responded with a status of 502 () @ https://mac-mini.tailde842d.ts.net/api/notifications?limit=15:0
[  848223ms] [ERROR] Failed to load resource: the server responded with a status of 502 () @ https://mac-mini.tailde842d.ts.net/api/time-entries/running:0
[  848224ms] [ERROR] Failed to load resource: the server responded with a status of 502 () @ https://mac-mini.tailde842d.ts.net/api/alerts/active:0
[  891049ms] [ERROR] Failed to load resource: the server responded with a status of 502 () @ https://mac-mini.tailde842d.ts.net/api/time-entries/running:0
[  909866ms] [ERROR] Failed to load resource: the server responded with a status of 502 () @ https://mac-mini.tailde842d.ts.net/api/notifications?limit=15:0
[  909867ms] [ERROR] Failed to load resource: the server responded with a status of 502 () @ https://mac-mini.tailde842d.ts.net/api/time-entries/running:0
[  912937ms] [ERROR] Failed to load resource: the server responded with a status of 502 () @ https://mac-mini.tailde842d.ts.net/api/alerts/active:0
[  951016ms] [ERROR] Failed to load resource: the server responded with a status of 502 () @ https://mac-mini.tailde842d.ts.net/api/time-entries/running:0
[  969834ms] [ERROR] Failed to load resource: the server responded with a status of 502 () @ https://mac-mini.tailde842d.ts.net/api/time-entries/running:0
[  969834ms] [ERROR] Failed to load resource: the server responded with a status of 502 () @ https://mac-mini.tailde842d.ts.net/api/notifications?limit=15:0
[  972904ms] [ERROR] Failed to load resource: the server responded with a status of 502 () @ https://mac-mini.tailde842d.ts.net/api/alerts/active:0
[  996762ms] [ERROR] Failed to load resource: the server responded with a status of 401 () @ https://mac-mini.tailde842d.ts.net/api/time-entries/running:0
[ 1026762ms] [ERROR] Failed to load resource: the server responded with a status of 401 () @ https://mac-mini.tailde842d.ts.net/api/time-entries/running:0
[ 1026762ms] [ERROR] Failed to load resource: the server responded with a status of 401 () @ https://mac-mini.tailde842d.ts.net/api/notifications?limit=15:0
[ 1026768ms] [ERROR] Failed to load resource: the server responded with a status of 401 () @ https://mac-mini.tailde842d.ts.net/api/alerts/active:0
[ 1056756ms] [ERROR] Failed to load resource: the server responded with a status of 401 () @ https://mac-mini.tailde842d.ts.net/api/time-entries/running:0
[ 1086757ms] [ERROR] Failed to load resource: the server responded with a status of 401 () @ https://mac-mini.tailde842d.ts.net/api/time-entries/running:0
[ 1086757ms] [ERROR] Failed to load resource: the server responded with a status of 401 () @ https://mac-mini.tailde842d.ts.net/api/notifications?limit=15:0
[ 1086763ms] [ERROR] Failed to load resource: the server responded with a status of 401 () @ https://mac-mini.tailde842d.ts.net/api/alerts/active:0
[ 1116754ms] [ERROR] Failed to load resource: the server responded with a status of 401 () @ https://mac-mini.tailde842d.ts.net/api/time-entries/running:0
[ 1146877ms] [ERROR] Failed to load resource: the server responded with a status of 401 () @ https://mac-mini.tailde842d.ts.net/api/time-entries/running:0
[ 1146887ms] [ERROR] Failed to load resource: the server responded with a status of 401 () @ https://mac-mini.tailde842d.ts.net/api/notifications?limit=15:0
[ 1146892ms] [ERROR] Failed to load resource: the server responded with a status of 401 () @ https://mac-mini.tailde842d.ts.net/api/alerts/active:0
[ 1176758ms] [ERROR] Failed to load resource: the server responded with a status of 401 () @ https://mac-mini.tailde842d.ts.net/api/time-entries/running:0
[ 1206757ms] [ERROR] Failed to load resource: the server responded with a status of 401 () @ https://mac-mini.tailde842d.ts.net/api/time-entries/running:0
[ 1206757ms] [ERROR] Failed to load resource: the server responded with a status of 401 () @ https://mac-mini.tailde842d.ts.net/api/notifications?limit=15:0
[ 1206762ms] [ERROR] Failed to load resource: the server responded with a status of 401 () @ https://mac-mini.tailde842d.ts.net/api/alerts/active:0
[ 1236757ms] [ERROR] Failed to load resource: the server responded with a status of 401 () @ https://mac-mini.tailde842d.ts.net/api/time-entries/running:0
[ 1266759ms] [ERROR] Failed to load resource: the server responded with a status of 401 () @ https://mac-mini.tailde842d.ts.net/api/time-entries/running:0
[ 1266759ms] [ERROR] Failed to load resource: the server responded with a status of 401 () @ https://mac-mini.tailde842d.ts.net/api/notifications?limit=15:0
[ 1266766ms] [ERROR] Failed to load resource: the server responded with a status of 401 () @ https://mac-mini.tailde842d.ts.net/api/alerts/active:0
[ 1296754ms] [ERROR] Failed to load resource: the server responded with a status of 401 () @ https://mac-mini.tailde842d.ts.net/api/time-entries/running:0
[ 1326783ms] [ERROR] Failed to load resource: the server responded with a status of 401 () @ https://mac-mini.tailde842d.ts.net/api/notifications?limit=15:0
[ 1326783ms] [ERROR] Failed to load resource: the server responded with a status of 401 () @ https://mac-mini.tailde842d.ts.net/api/time-entries/running:0
[ 1326787ms] [ERROR] Failed to load resource: the server responded with a status of 401 () @ https://mac-mini.tailde842d.ts.net/api/alerts/active:0
[ 1356752ms] [ERROR] Failed to load resource: the server responded with a status of 401 () @ https://mac-mini.tailde842d.ts.net/api/time-entries/running:0
[ 1386755ms] [ERROR] Failed to load resource: the server responded with a status of 401 () @ https://mac-mini.tailde842d.ts.net/api/time-entries/running:0
[ 1386755ms] [ERROR] Failed to load resource: the server responded with a status of 401 () @ https://mac-mini.tailde842d.ts.net/api/notifications?limit=15:0
[ 1386760ms] [ERROR] Failed to load resource: the server responded with a status of 401 () @ https://mac-mini.tailde842d.ts.net/api/alerts/active:0
[ 1416781ms] [ERROR] Failed to load resource: the server responded with a status of 401 () @ https://mac-mini.tailde842d.ts.net/api/time-entries/running:0
[ 1446761ms] [ERROR] Failed to load resource: the server responded with a status of 401 () @ https://mac-mini.tailde842d.ts.net/api/time-entries/running:0
[ 1446761ms] [ERROR] Failed to load resource: the server responded with a status of 401 () @ https://mac-mini.tailde842d.ts.net/api/notifications?limit=15:0
[ 1446765ms] [ERROR] Failed to load resource: the server responded with a status of 401 () @ https://mac-mini.tailde842d.ts.net/api/alerts/active:0
[ 1476756ms] [ERROR] Failed to load resource: the server responded with a status of 401 () @ https://mac-mini.tailde842d.ts.net/api/time-entries/running:0
[ 1506792ms] [ERROR] Failed to load resource: the server responded with a status of 401 () @ https://mac-mini.tailde842d.ts.net/api/time-entries/running:0
[ 1506792ms] [ERROR] Failed to load resource: the server responded with a status of 401 () @ https://mac-mini.tailde842d.ts.net/api/notifications?limit=15:0
[ 1506798ms] [ERROR] Failed to load resource: the server responded with a status of 401 () @ https://mac-mini.tailde842d.ts.net/api/alerts/active:0
[ 1536750ms] [ERROR] Failed to load resource: the server responded with a status of 401 () @ https://mac-mini.tailde842d.ts.net/api/time-entries/running:0
[ 1566753ms] [ERROR] Failed to load resource: the server responded with a status of 401 () @ https://mac-mini.tailde842d.ts.net/api/time-entries/running:0
[ 1566753ms] [ERROR] Failed to load resource: the server responded with a status of 401 () @ https://mac-mini.tailde842d.ts.net/api/notifications?limit=15:0
[ 1566761ms] [ERROR] Failed to load resource: the server responded with a status of 401 () @ https://mac-mini.tailde842d.ts.net/api/alerts/active:0
[ 1596769ms] [ERROR] Failed to load resource: the server responded with a status of 401 () @ https://mac-mini.tailde842d.ts.net/api/time-entries/running:0
[ 1626755ms] [ERROR] Failed to load resource: the server responded with a status of 401 () @ https://mac-mini.tailde842d.ts.net/api/time-entries/running:0
[ 1626755ms] [ERROR] Failed to load resource: the server responded with a status of 401 () @ https://mac-mini.tailde842d.ts.net/api/notifications?limit=15:0
[ 1626760ms] [ERROR] Failed to load resource: the server responded with a status of 401 () @ https://mac-mini.tailde842d.ts.net/api/alerts/active:0
[ 1656752ms] [ERROR] Failed to load resource: the server responded with a status of 401 () @ https://mac-mini.tailde842d.ts.net/api/time-entries/running:0
[ 1686761ms] [ERROR] Failed to load resource: the server responded with a status of 401 () @ https://mac-mini.tailde842d.ts.net/api/time-entries/running:0
[ 1686761ms] [ERROR] Failed to load resource: the server responded with a status of 401 () @ https://mac-mini.tailde842d.ts.net/api/notifications?limit=15:0
[ 1686767ms] [ERROR] Failed to load resource: the server responded with a status of 401 () @ https://mac-mini.tailde842d.ts.net/api/alerts/active:0
[ 1716752ms] [ERROR] Failed to load resource: the server responded with a status of 401 () @ https://mac-mini.tailde842d.ts.net/api/time-entries/running:0
[ 1746763ms] [ERROR] Failed to load resource: the server responded with a status of 401 () @ https://mac-mini.tailde842d.ts.net/api/notifications?limit=15:0
[ 1746763ms] [ERROR] Failed to load resource: the server responded with a status of 401 () @ https://mac-mini.tailde842d.ts.net/api/time-entries/running:0
[ 1746767ms] [ERROR] Failed to load resource: the server responded with a status of 401 () @ https://mac-mini.tailde842d.ts.net/api/alerts/active:0
[ 1776759ms] [ERROR] Failed to load resource: the server responded with a status of 401 () @ https://mac-mini.tailde842d.ts.net/api/time-entries/running:0
[ 1806755ms] [ERROR] Failed to load resource: the server responded with a status of 401 () @ https://mac-mini.tailde842d.ts.net/api/notifications?limit=15:0
[ 1806756ms] [ERROR] Failed to load resource: the server responded with a status of 401 () @ https://mac-mini.tailde842d.ts.net/api/time-entries/running:0
[ 1806760ms] [ERROR] Failed to load resource: the server responded with a status of 401 () @ https://mac-mini.tailde842d.ts.net/api/alerts/active:0
[ 1836751ms] [ERROR] Failed to load resource: the server responded with a status of 401 () @ https://mac-mini.tailde842d.ts.net/api/time-entries/running:0
[ 1866786ms] [ERROR] Failed to load resource: the server responded with a status of 401 () @ https://mac-mini.tailde842d.ts.net/api/time-entries/running:0
[ 1866786ms] [ERROR] Failed to load resource: the server responded with a status of 401 () @ https://mac-mini.tailde842d.ts.net/api/notifications?limit=15:0
[ 1866789ms] [ERROR] Failed to load resource: the server responded with a status of 401 () @ https://mac-mini.tailde842d.ts.net/api/alerts/active:0
[ 1896750ms] [ERROR] Failed to load resource: the server responded with a status of 401 () @ https://mac-mini.tailde842d.ts.net/api/time-entries/running:0
[ 1926775ms] [ERROR] Failed to load resource: the server responded with a status of 401 () @ https://mac-mini.tailde842d.ts.net/api/time-entries/running:0
[ 1926775ms] [ERROR] Failed to load resource: the server responded with a status of 401 () @ https://mac-mini.tailde842d.ts.net/api/notifications?limit=15:0
[ 1926781ms] [ERROR] Failed to load resource: the server responded with a status of 401 () @ https://mac-mini.tailde842d.ts.net/api/alerts/active:0
[ 1956779ms] [ERROR] Failed to load resource: the server responded with a status of 401 () @ https://mac-mini.tailde842d.ts.net/api/time-entries/running:0
[ 1986753ms] [ERROR] Failed to load resource: the server responded with a status of 401 () @ https://mac-mini.tailde842d.ts.net/api/notifications?limit=15:0
[ 1986754ms] [ERROR] Failed to load resource: the server responded with a status of 401 () @ https://mac-mini.tailde842d.ts.net/api/time-entries/running:0
[ 1986759ms] [ERROR] Failed to load resource: the server responded with a status of 401 () @ https://mac-mini.tailde842d.ts.net/api/alerts/active:0
[ 2016750ms] [ERROR] Failed to load resource: the server responded with a status of 401 () @ https://mac-mini.tailde842d.ts.net/api/time-entries/running:0
[ 2046789ms] [ERROR] Failed to load resource: the server responded with a status of 401 () @ https://mac-mini.tailde842d.ts.net/api/time-entries/running:0
[ 2046789ms] [ERROR] Failed to load resource: the server responded with a status of 401 () @ https://mac-mini.tailde842d.ts.net/api/notifications?limit=15:0
[ 2046795ms] [ERROR] Failed to load resource: the server responded with a status of 401 () @ https://mac-mini.tailde842d.ts.net/api/alerts/active:0
[ 2076750ms] [ERROR] Failed to load resource: the server responded with a status of 401 () @ https://mac-mini.tailde842d.ts.net/api/time-entries/running:0
[ 2106752ms] [ERROR] Failed to load resource: the server responded with a status of 401 () @ https://mac-mini.tailde842d.ts.net/api/notifications?limit=15:0
[ 2106752ms] [ERROR] Failed to load resource: the server responded with a status of 401 () @ https://mac-mini.tailde842d.ts.net/api/time-entries/running:0
[ 2106757ms] [ERROR] Failed to load resource: the server responded with a status of 401 () @ https://mac-mini.tailde842d.ts.net/api/alerts/active:0
[ 2136788ms] [ERROR] Failed to load resource: the server responded with a status of 401 () @ https://mac-mini.tailde842d.ts.net/api/time-entries/running:0
[ 2166753ms] [ERROR] Failed to load resource: the server responded with a status of 401 () @ https://mac-mini.tailde842d.ts.net/api/time-entries/running:0
[ 2166754ms] [ERROR] Failed to load resource: the server responded with a status of 401 () @ https://mac-mini.tailde842d.ts.net/api/notifications?limit=15:0
[ 2166759ms] [ERROR] Failed to load resource: the server responded with a status of 401 () @ https://mac-mini.tailde842d.ts.net/api/alerts/active:0
[ 2196752ms] [ERROR] Failed to load resource: the server responded with a status of 401 () @ https://mac-mini.tailde842d.ts.net/api/time-entries/running:0
[ 2226792ms] [ERROR] Failed to load resource: the server responded with a status of 401 () @ https://mac-mini.tailde842d.ts.net/api/notifications?limit=15:0
[ 2226793ms] [ERROR] Failed to load resource: the server responded with a status of 401 () @ https://mac-mini.tailde842d.ts.net/api/time-entries/running:0
[ 2226804ms] [ERROR] Failed to load resource: the server responded with a status of 401 () @ https://mac-mini.tailde842d.ts.net/api/alerts/active:0
[ 2256749ms] [ERROR] Failed to load resource: the server responded with a status of 401 () @ https://mac-mini.tailde842d.ts.net/api/time-entries/running:0
[ 2286750ms] [ERROR] Failed to load resource: the server responded with a status of 401 () @ https://mac-mini.tailde842d.ts.net/api/time-entries/running:0
[ 2286750ms] [ERROR] Failed to load resource: the server responded with a status of 401 () @ https://mac-mini.tailde842d.ts.net/api/notifications?limit=15:0
[ 2286755ms] [ERROR] Failed to load resource: the server responded with a status of 401 () @ https://mac-mini.tailde842d.ts.net/api/alerts/active:0
[ 2316766ms] [ERROR] Failed to load resource: the server responded with a status of 401 () @ https://mac-mini.tailde842d.ts.net/api/time-entries/running:0
[ 2346751ms] [ERROR] Failed to load resource: the server responded with a status of 401 () @ https://mac-mini.tailde842d.ts.net/api/notifications?limit=15:0
[ 2346752ms] [ERROR] Failed to load resource: the server responded with a status of 401 () @ https://mac-mini.tailde842d.ts.net/api/time-entries/running:0
[ 2346756ms] [ERROR] Failed to load resource: the server responded with a status of 401 () @ https://mac-mini.tailde842d.ts.net/api/alerts/active:0
[ 2376749ms] [ERROR] Failed to load resource: the server responded with a status of 401 () @ https://mac-mini.tailde842d.ts.net/api/time-entries/running:0
[ 2406751ms] [ERROR] Failed to load resource: the server responded with a status of 401 () @ https://mac-mini.tailde842d.ts.net/api/time-entries/running:0
[ 2406751ms] [ERROR] Failed to load resource: the server responded with a status of 401 () @ https://mac-mini.tailde842d.ts.net/api/notifications?limit=15:0
[ 2406756ms] [ERROR] Failed to load resource: the server responded with a status of 401 () @ https://mac-mini.tailde842d.ts.net/api/alerts/active:0
[ 2436750ms] [ERROR] Failed to load resource: the server responded with a status of 401 () @ https://mac-mini.tailde842d.ts.net/api/time-entries/running:0
[ 2466751ms] [ERROR] Failed to load resource: the server responded with a status of 401 () @ https://mac-mini.tailde842d.ts.net/api/notifications?limit=15:0
[ 2466751ms] [ERROR] Failed to load resource: the server responded with a status of 401 () @ https://mac-mini.tailde842d.ts.net/api/time-entries/running:0
[ 2466756ms] [ERROR] Failed to load resource: the server responded with a status of 401 () @ https://mac-mini.tailde842d.ts.net/api/alerts/active:0
[ 2496751ms] [ERROR] Failed to load resource: the server responded with a status of 401 () @ https://mac-mini.tailde842d.ts.net/api/time-entries/running:0
[ 2526753ms] [ERROR] Failed to load resource: the server responded with a status of 401 () @ https://mac-mini.tailde842d.ts.net/api/notifications?limit=15:0
[ 2526754ms] [ERROR] Failed to load resource: the server responded with a status of 401 () @ https://mac-mini.tailde842d.ts.net/api/time-entries/running:0
[ 2526759ms] [ERROR] Failed to load resource: the server responded with a status of 401 () @ https://mac-mini.tailde842d.ts.net/api/alerts/active:0
[ 2556749ms] [ERROR] Failed to load resource: the server responded with a status of 401 () @ https://mac-mini.tailde842d.ts.net/api/time-entries/running:0
[ 2586751ms] [ERROR] Failed to load resource: the server responded with a status of 401 () @ https://mac-mini.tailde842d.ts.net/api/time-entries/running:0
[ 2586751ms] [ERROR] Failed to load resource: the server responded with a status of 401 () @ https://mac-mini.tailde842d.ts.net/api/notifications?limit=15:0
[ 2586756ms] [ERROR] Failed to load resource: the server responded with a status of 401 () @ https://mac-mini.tailde842d.ts.net/api/alerts/active:0
[ 2616753ms] [ERROR] Failed to load resource: the server responded with a status of 401 () @ https://mac-mini.tailde842d.ts.net/api/time-entries/running:0
[ 2646753ms] [ERROR] Failed to load resource: the server responded with a status of 401 () @ https://mac-mini.tailde842d.ts.net/api/time-entries/running:0
[ 2646753ms] [ERROR] Failed to load resource: the server responded with a status of 401 () @ https://mac-mini.tailde842d.ts.net/api/notifications?limit=15:0
[ 2646760ms] [ERROR] Failed to load resource: the server responded with a status of 401 () @ https://mac-mini.tailde842d.ts.net/api/alerts/active:0
[ 2676748ms] [ERROR] Failed to load resource: the server responded with a status of 401 () @ https://mac-mini.tailde842d.ts.net/api/time-entries/running:0
[ 2706752ms] [ERROR] Failed to load resource: the server responded with a status of 401 () @ https://mac-mini.tailde842d.ts.net/api/notifications?limit=15:0
[ 2706752ms] [ERROR] Failed to load resource: the server responded with a status of 401 () @ https://mac-mini.tailde842d.ts.net/api/time-entries/running:0
[ 2706757ms] [ERROR] Failed to load resource: the server responded with a status of 401 () @ https://mac-mini.tailde842d.ts.net/api/alerts/active:0
[ 2736748ms] [ERROR] Failed to load resource: the server responded with a status of 401 () @ https://mac-mini.tailde842d.ts.net/api/time-entries/running:0
[ 2766749ms] [ERROR] Failed to load resource: the server responded with a status of 401 () @ https://mac-mini.tailde842d.ts.net/api/time-entries/running:0
[ 2766750ms] [ERROR] Failed to load resource: the server responded with a status of 401 () @ https://mac-mini.tailde842d.ts.net/api/notifications?limit=15:0
[ 2766755ms] [ERROR] Failed to load resource: the server responded with a status of 401 () @ https://mac-mini.tailde842d.ts.net/api/alerts/active:0
[ 2796750ms] [ERROR] Failed to load resource: the server responded with a status of 401 () @ https://mac-mini.tailde842d.ts.net/api/time-entries/running:0
[ 2826750ms] [ERROR] Failed to load resource: the server responded with a status of 401 () @ https://mac-mini.tailde842d.ts.net/api/notifications?limit=15:0
[ 2826750ms] [ERROR] Failed to load resource: the server responded with a status of 401 () @ https://mac-mini.tailde842d.ts.net/api/time-entries/running:0
[ 2826755ms] [ERROR] Failed to load resource: the server responded with a status of 401 () @ https://mac-mini.tailde842d.ts.net/api/alerts/active:0
[ 2856750ms] [ERROR] Failed to load resource: the server responded with a status of 401 () @ https://mac-mini.tailde842d.ts.net/api/time-entries/running:0
[ 2886750ms] [ERROR] Failed to load resource: the server responded with a status of 401 () @ https://mac-mini.tailde842d.ts.net/api/time-entries/running:0
[ 2886750ms] [ERROR] Failed to load resource: the server responded with a status of 401 () @ https://mac-mini.tailde842d.ts.net/api/notifications?limit=15:0
[ 2886755ms] [ERROR] Failed to load resource: the server responded with a status of 401 () @ https://mac-mini.tailde842d.ts.net/api/alerts/active:0
[ 2916748ms] [ERROR] Failed to load resource: the server responded with a status of 401 () @ https://mac-mini.tailde842d.ts.net/api/time-entries/running:0
[ 2946783ms] [ERROR] Failed to load resource: the server responded with a status of 401 () @ https://mac-mini.tailde842d.ts.net/api/notifications?limit=15:0
[ 2946783ms] [ERROR] Failed to load resource: the server responded with a status of 401 () @ https://mac-mini.tailde842d.ts.net/api/time-entries/running:0
[ 2946788ms] [ERROR] Failed to load resource: the server responded with a status of 401 () @ https://mac-mini.tailde842d.ts.net/api/alerts/active:0
[ 2976744ms] [ERROR] Failed to load resource: the server responded with a status of 401 () @ https://mac-mini.tailde842d.ts.net/api/time-entries/running:0
[ 3006753ms] [ERROR] Failed to load resource: the server responded with a status of 401 () @ https://mac-mini.tailde842d.ts.net/api/notifications?limit=15:0
[ 3006754ms] [ERROR] Failed to load resource: the server responded with a status of 401 () @ https://mac-mini.tailde842d.ts.net/api/time-entries/running:0
[ 3006761ms] [ERROR] Failed to load resource: the server responded with a status of 401 () @ https://mac-mini.tailde842d.ts.net/api/alerts/active:0
[ 3036782ms] [ERROR] Failed to load resource: the server responded with a status of 401 () @ https://mac-mini.tailde842d.ts.net/api/time-entries/running:0
[ 3066749ms] [ERROR] Failed to load resource: the server responded with a status of 401 () @ https://mac-mini.tailde842d.ts.net/api/notifications?limit=15:0
[ 3066750ms] [ERROR] Failed to load resource: the server responded with a status of 401 () @ https://mac-mini.tailde842d.ts.net/api/time-entries/running:0
[ 3066755ms] [ERROR] Failed to load resource: the server responded with a status of 401 () @ https://mac-mini.tailde842d.ts.net/api/alerts/active:0
[ 3096753ms] [ERROR] Failed to load resource: the server responded with a status of 401 () @ https://mac-mini.tailde842d.ts.net/api/time-entries/running:0
[ 3126751ms] [ERROR] Failed to load resource: the server responded with a status of 401 () @ https://mac-mini.tailde842d.ts.net/api/notifications?limit=15:0
[ 3126751ms] [ERROR] Failed to load resource: the server responded with a status of 401 () @ https://mac-mini.tailde842d.ts.net/api/time-entries/running:0
[ 3126756ms] [ERROR] Failed to load resource: the server responded with a status of 401 () @ https://mac-mini.tailde842d.ts.net/api/alerts/active:0
[ 3156753ms] [ERROR] Failed to load resource: the server responded with a status of 401 () @ https://mac-mini.tailde842d.ts.net/api/time-entries/running:0
[ 3186752ms] [ERROR] Failed to load resource: the server responded with a status of 401 () @ https://mac-mini.tailde842d.ts.net/api/notifications?limit=15:0
[ 3186752ms] [ERROR] Failed to load resource: the server responded with a status of 401 () @ https://mac-mini.tailde842d.ts.net/api/time-entries/running:0
[ 3186757ms] [ERROR] Failed to load resource: the server responded with a status of 401 () @ https://mac-mini.tailde842d.ts.net/api/alerts/active:0
[ 3216757ms] [ERROR] Failed to load resource: the server responded with a status of 401 () @ https://mac-mini.tailde842d.ts.net/api/time-entries/running:0
[ 3246751ms] [ERROR] Failed to load resource: the server responded with a status of 401 () @ https://mac-mini.tailde842d.ts.net/api/notifications?limit=15:0
[ 3246751ms] [ERROR] Failed to load resource: the server responded with a status of 401 () @ https://mac-mini.tailde842d.ts.net/api/time-entries/running:0
[ 3246755ms] [ERROR] Failed to load resource: the server responded with a status of 401 () @ https://mac-mini.tailde842d.ts.net/api/alerts/active:0
[ 3276745ms] [ERROR] Failed to load resource: the server responded with a status of 401 () @ https://mac-mini.tailde842d.ts.net/api/time-entries/running:0
[ 3306753ms] [ERROR] Failed to load resource: the server responded with a status of 401 () @ https://mac-mini.tailde842d.ts.net/api/time-entries/running:0
[ 3306753ms] [ERROR] Failed to load resource: the server responded with a status of 401 () @ https://mac-mini.tailde842d.ts.net/api/notifications?limit=15:0
[ 3306758ms] [ERROR] Failed to load resource: the server responded with a status of 401 () @ https://mac-mini.tailde842d.ts.net/api/alerts/active:0
[ 3336774ms] [ERROR] Failed to load resource: the server responded with a status of 401 () @ https://mac-mini.tailde842d.ts.net/api/time-entries/running:0
[ 3366749ms] [ERROR] Failed to load resource: the server responded with a status of 401 () @ https://mac-mini.tailde842d.ts.net/api/notifications?limit=15:0
[ 3366750ms] [ERROR] Failed to load resource: the server responded with a status of 401 () @ https://mac-mini.tailde842d.ts.net/api/time-entries/running:0
[ 3366754ms] [ERROR] Failed to load resource: the server responded with a status of 401 () @ https://mac-mini.tailde842d.ts.net/api/alerts/active:0
[ 3396777ms] [ERROR] Failed to load resource: the server responded with a status of 401 () @ https://mac-mini.tailde842d.ts.net/api/time-entries/running:0
[ 3426749ms] [ERROR] Failed to load resource: the server responded with a status of 401 () @ https://mac-mini.tailde842d.ts.net/api/notifications?limit=15:0
[ 3426749ms] [ERROR] Failed to load resource: the server responded with a status of 401 () @ https://mac-mini.tailde842d.ts.net/api/time-entries/running:0
[ 3426755ms] [ERROR] Failed to load resource: the server responded with a status of 401 () @ https://mac-mini.tailde842d.ts.net/api/alerts/active:0
[ 3456778ms] [ERROR] Failed to load resource: the server responded with a status of 401 () @ https://mac-mini.tailde842d.ts.net/api/time-entries/running:0
[ 3486778ms] [ERROR] Failed to load resource: the server responded with a status of 401 () @ https://mac-mini.tailde842d.ts.net/api/time-entries/running:0
[ 3486778ms] [ERROR] Failed to load resource: the server responded with a status of 401 () @ https://mac-mini.tailde842d.ts.net/api/notifications?limit=15:0
[ 3486782ms] [ERROR] Failed to load resource: the server responded with a status of 401 () @ https://mac-mini.tailde842d.ts.net/api/alerts/active:0
[ 3516746ms] [ERROR] Failed to load resource: the server responded with a status of 401 () @ https://mac-mini.tailde842d.ts.net/api/time-entries/running:0
[ 3546764ms] [ERROR] Failed to load resource: the server responded with a status of 401 () @ https://mac-mini.tailde842d.ts.net/api/time-entries/running:0
[ 3546764ms] [ERROR] Failed to load resource: the server responded with a status of 401 () @ https://mac-mini.tailde842d.ts.net/api/notifications?limit=15:0
[ 3546769ms] [ERROR] Failed to load resource: the server responded with a status of 401 () @ https://mac-mini.tailde842d.ts.net/api/alerts/active:0
[ 3576749ms] [ERROR] Failed to load resource: the server responded with a status of 401 () @ https://mac-mini.tailde842d.ts.net/api/time-entries/running:0
[ 3606751ms] [ERROR] Failed to load resource: the server responded with a status of 401 () @ https://mac-mini.tailde842d.ts.net/api/time-entries/running:0
[ 3606751ms] [ERROR] Failed to load resource: the server responded with a status of 401 () @ https://mac-mini.tailde842d.ts.net/api/notifications?limit=15:0
[ 3606757ms] [ERROR] Failed to load resource: the server responded with a status of 401 () @ https://mac-mini.tailde842d.ts.net/api/alerts/active:0
[ 3636756ms] [ERROR] Failed to load resource: the server responded with a status of 401 () @ https://mac-mini.tailde842d.ts.net/api/time-entries/running:0
[ 3666748ms] [ERROR] Failed to load resource: the server responded with a status of 401 () @ https://mac-mini.tailde842d.ts.net/api/time-entries/running:0
[ 3666748ms] [ERROR] Failed to load resource: the server responded with a status of 401 () @ https://mac-mini.tailde842d.ts.net/api/notifications?limit=15:0
[ 3666752ms] [ERROR] Failed to load resource: the server responded with a status of 401 () @ https://mac-mini.tailde842d.ts.net/api/alerts/active:0
[ 3696751ms] [ERROR] Failed to load resource: the server responded with a status of 401 () @ https://mac-mini.tailde842d.ts.net/api/time-entries/running:0
[ 3726751ms] [ERROR] Failed to load resource: the server responded with a status of 401 () @ https://mac-mini.tailde842d.ts.net/api/time-entries/running:0
[ 3726751ms] [ERROR] Failed to load resource: the server responded with a status of 401 () @ https://mac-mini.tailde842d.ts.net/api/notifications?limit=15:0
[ 3726762ms] [ERROR] Failed to load resource: the server responded with a status of 401 () @ https://mac-mini.tailde842d.ts.net/api/alerts/active:0
[ 3756784ms] [ERROR] Failed to load resource: the server responded with a status of 401 () @ https://mac-mini.tailde842d.ts.net/api/time-entries/running:0
[ 3786749ms] [ERROR] Failed to load resource: the server responded with a status of 401 () @ https://mac-mini.tailde842d.ts.net/api/notifications?limit=15:0
[ 3786749ms] [ERROR] Failed to load resource: the server responded with a status of 401 () @ https://mac-mini.tailde842d.ts.net/api/time-entries/running:0
[ 3786755ms] [ERROR] Failed to load resource: the server responded with a status of 401 () @ https://mac-mini.tailde842d.ts.net/api/alerts/active:0
[ 3816758ms] [ERROR] Failed to load resource: the server responded with a status of 401 () @ https://mac-mini.tailde842d.ts.net/api/time-entries/running:0
[ 3846780ms] [ERROR] Failed to load resource: the server responded with a status of 401 () @ https://mac-mini.tailde842d.ts.net/api/notifications?limit=15:0
[ 3846781ms] [ERROR] Failed to load resource: the server responded with a status of 401 () @ https://mac-mini.tailde842d.ts.net/api/time-entries/running:0
[ 3846784ms] [ERROR] Failed to load resource: the server responded with a status of 401 () @ https://mac-mini.tailde842d.ts.net/api/alerts/active:0
[ 3876746ms] [ERROR] Failed to load resource: the server responded with a status of 401 () @ https://mac-mini.tailde842d.ts.net/api/time-entries/running:0
[ 3906802ms] [ERROR] Failed to load resource: the server responded with a status of 401 () @ https://mac-mini.tailde842d.ts.net/api/notifications?limit=15:0
[ 3906804ms] [ERROR] Failed to load resource: the server responded with a status of 401 () @ https://mac-mini.tailde842d.ts.net/api/time-entries/running:0
[ 3906810ms] [ERROR] Failed to load resource: the server responded with a status of 401 () @ https://mac-mini.tailde842d.ts.net/api/alerts/active:0
[ 3936760ms] [ERROR] Failed to load resource: the server responded with a status of 401 () @ https://mac-mini.tailde842d.ts.net/api/time-entries/running:0
[ 3966775ms] [ERROR] Failed to load resource: the server responded with a status of 401 () @ https://mac-mini.tailde842d.ts.net/api/time-entries/running:0
[ 3966776ms] [ERROR] Failed to load resource: the server responded with a status of 401 () @ https://mac-mini.tailde842d.ts.net/api/notifications?limit=15:0
[ 3966782ms] [ERROR] Failed to load resource: the server responded with a status of 401 () @ https://mac-mini.tailde842d.ts.net/api/alerts/active:0
[ 3996745ms] [ERROR] Failed to load resource: the server responded with a status of 401 () @ https://mac-mini.tailde842d.ts.net/api/time-entries/running:0
[ 4026761ms] [ERROR] Failed to load resource: the server responded with a status of 401 () @ https://mac-mini.tailde842d.ts.net/api/time-entries/running:0
[ 4026761ms] [ERROR] Failed to load resource: the server responded with a status of 401 () @ https://mac-mini.tailde842d.ts.net/api/notifications?limit=15:0
[ 4026767ms] [ERROR] Failed to load resource: the server responded with a status of 401 () @ https://mac-mini.tailde842d.ts.net/api/alerts/active:0
[ 4056746ms] [ERROR] Failed to load resource: the server responded with a status of 401 () @ https://mac-mini.tailde842d.ts.net/api/time-entries/running:0
[ 4086793ms] [ERROR] Failed to load resource: the server responded with a status of 401 () @ https://mac-mini.tailde842d.ts.net/api/time-entries/running:0
[ 4086793ms] [ERROR] Failed to load resource: the server responded with a status of 401 () @ https://mac-mini.tailde842d.ts.net/api/notifications?limit=15:0
[ 4086797ms] [ERROR] Failed to load resource: the server responded with a status of 401 () @ https://mac-mini.tailde842d.ts.net/api/alerts/active:0
[ 4116746ms] [ERROR] Failed to load resource: the server responded with a status of 401 () @ https://mac-mini.tailde842d.ts.net/api/time-entries/running:0
[ 4146772ms] [ERROR] Failed to load resource: the server responded with a status of 401 () @ https://mac-mini.tailde842d.ts.net/api/notifications?limit=15:0
[ 4146775ms] [ERROR] Failed to load resource: the server responded with a status of 401 () @ https://mac-mini.tailde842d.ts.net/api/time-entries/running:0
[ 4146777ms] [ERROR] Failed to load resource: the server responded with a status of 401 () @ https://mac-mini.tailde842d.ts.net/api/alerts/active:0
[ 4176755ms] [ERROR] Failed to load resource: the server responded with a status of 401 () @ https://mac-mini.tailde842d.ts.net/api/time-entries/running:0
[ 4206792ms] [ERROR] Failed to load resource: the server responded with a status of 401 () @ https://mac-mini.tailde842d.ts.net/api/notifications?limit=15:0
[ 4206792ms] [ERROR] Failed to load resource: the server responded with a status of 401 () @ https://mac-mini.tailde842d.ts.net/api/time-entries/running:0
[ 4206796ms] [ERROR] Failed to load resource: the server responded with a status of 401 () @ https://mac-mini.tailde842d.ts.net/api/alerts/active:0
[ 4236749ms] [ERROR] Failed to load resource: the server responded with a status of 401 () @ https://mac-mini.tailde842d.ts.net/api/time-entries/running:0
[ 4266747ms] [ERROR] Failed to load resource: the server responded with a status of 401 () @ https://mac-mini.tailde842d.ts.net/api/notifications?limit=15:0
[ 4266747ms] [ERROR] Failed to load resource: the server responded with a status of 401 () @ https://mac-mini.tailde842d.ts.net/api/time-entries/running:0
[ 4266752ms] [ERROR] Failed to load resource: the server responded with a status of 401 () @ https://mac-mini.tailde842d.ts.net/api/alerts/active:0
[ 4296762ms] [ERROR] Failed to load resource: the server responded with a status of 401 () @ https://mac-mini.tailde842d.ts.net/api/time-entries/running:0
[ 4326745ms] [ERROR] Failed to load resource: the server responded with a status of 401 () @ https://mac-mini.tailde842d.ts.net/api/time-entries/running:0
[ 4326745ms] [ERROR] Failed to load resource: the server responded with a status of 401 () @ https://mac-mini.tailde842d.ts.net/api/notifications?limit=15:0
[ 4326752ms] [ERROR] Failed to load resource: the server responded with a status of 401 () @ https://mac-mini.tailde842d.ts.net/api/alerts/active:0
[ 4356747ms] [ERROR] Failed to load resource: the server responded with a status of 401 () @ https://mac-mini.tailde842d.ts.net/api/time-entries/running:0
[ 4386745ms] [ERROR] Failed to load resource: the server responded with a status of 401 () @ https://mac-mini.tailde842d.ts.net/api/notifications?limit=15:0
[ 4386745ms] [ERROR] Failed to load resource: the server responded with a status of 401 () @ https://mac-mini.tailde842d.ts.net/api/time-entries/running:0
[ 4386751ms] [ERROR] Failed to load resource: the server responded with a status of 401 () @ https://mac-mini.tailde842d.ts.net/api/alerts/active:0
[ 4416746ms] [ERROR] Failed to load resource: the server responded with a status of 401 () @ https://mac-mini.tailde842d.ts.net/api/time-entries/running:0
[ 4446752ms] [ERROR] Failed to load resource: the server responded with a status of 401 () @ https://mac-mini.tailde842d.ts.net/api/notifications?limit=15:0
[ 4446753ms] [ERROR] Failed to load resource: the server responded with a status of 401 () @ https://mac-mini.tailde842d.ts.net/api/time-entries/running:0
[ 4446759ms] [ERROR] Failed to load resource: the server responded with a status of 401 () @ https://mac-mini.tailde842d.ts.net/api/alerts/active:0
[ 4476747ms] [ERROR] Failed to load resource: the server responded with a status of 401 () @ https://mac-mini.tailde842d.ts.net/api/time-entries/running:0
[ 4506747ms] [ERROR] Failed to load resource: the server responded with a status of 401 () @ https://mac-mini.tailde842d.ts.net/api/notifications?limit=15:0
[ 4506747ms] [ERROR] Failed to load resource: the server responded with a status of 401 () @ https://mac-mini.tailde842d.ts.net/api/time-entries/running:0
[ 4506754ms] [ERROR] Failed to load resource: the server responded with a status of 401 () @ https://mac-mini.tailde842d.ts.net/api/alerts/active:0
[ 4536744ms] [ERROR] Failed to load resource: the server responded with a status of 401 () @ https://mac-mini.tailde842d.ts.net/api/time-entries/running:0
[ 4566743ms] [ERROR] Failed to load resource: the server responded with a status of 401 () @ https://mac-mini.tailde842d.ts.net/api/time-entries/running:0
[ 4566744ms] [ERROR] Failed to load resource: the server responded with a status of 401 () @ https://mac-mini.tailde842d.ts.net/api/notifications?limit=15:0
[ 4566748ms] [ERROR] Failed to load resource: the server responded with a status of 401 () @ https://mac-mini.tailde842d.ts.net/api/alerts/active:0
[ 4596743ms] [ERROR] Failed to load resource: the server responded with a status of 401 () @ https://mac-mini.tailde842d.ts.net/api/time-entries/running:0
[ 4626745ms] [ERROR] Failed to load resource: the server responded with a status of 401 () @ https://mac-mini.tailde842d.ts.net/api/time-entries/running:0
[ 4626746ms] [ERROR] Failed to load resource: the server responded with a status of 401 () @ https://mac-mini.tailde842d.ts.net/api/notifications?limit=15:0
[ 4626751ms] [ERROR] Failed to load resource: the server responded with a status of 401 () @ https://mac-mini.tailde842d.ts.net/api/alerts/active:0
[ 4656746ms] [ERROR] Failed to load resource: the server responded with a status of 401 () @ https://mac-mini.tailde842d.ts.net/api/time-entries/running:0
[ 4686745ms] [ERROR] Failed to load resource: the server responded with a status of 401 () @ https://mac-mini.tailde842d.ts.net/api/notifications?limit=15:0
[ 4686745ms] [ERROR] Failed to load resource: the server responded with a status of 401 () @ https://mac-mini.tailde842d.ts.net/api/time-entries/running:0
[ 4686752ms] [ERROR] Failed to load resource: the server responded with a status of 401 () @ https://mac-mini.tailde842d.ts.net/api/alerts/active:0
[ 4716746ms] [ERROR] Failed to load resource: the server responded with a status of 401 () @ https://mac-mini.tailde842d.ts.net/api/time-entries/running:0
[ 4746768ms] [ERROR] Failed to load resource: the server responded with a status of 401 () @ https://mac-mini.tailde842d.ts.net/api/notifications?limit=15:0
[ 4746769ms] [ERROR] Failed to load resource: the server responded with a status of 401 () @ https://mac-mini.tailde842d.ts.net/api/time-entries/running:0
[ 4746778ms] [ERROR] Failed to load resource: the server responded with a status of 401 () @ https://mac-mini.tailde842d.ts.net/api/alerts/active:0
[ 4776744ms] [ERROR] Failed to load resource: the server responded with a status of 401 () @ https://mac-mini.tailde842d.ts.net/api/time-entries/running:0
[ 4806747ms] [ERROR] Failed to load resource: the server responded with a status of 401 () @ https://mac-mini.tailde842d.ts.net/api/time-entries/running:0
[ 4806747ms] [ERROR] Failed to load resource: the server responded with a status of 401 () @ https://mac-mini.tailde842d.ts.net/api/notifications?limit=15:0
[ 4806753ms] [ERROR] Failed to load resource: the server responded with a status of 401 () @ https://mac-mini.tailde842d.ts.net/api/alerts/active:0
[ 4836746ms] [ERROR] Failed to load resource: the server responded with a status of 401 () @ https://mac-mini.tailde842d.ts.net/api/time-entries/running:0
[ 4866748ms] [ERROR] Failed to load resource: the server responded with a status of 401 () @ https://mac-mini.tailde842d.ts.net/api/notifications?limit=15:0
[ 4866749ms] [ERROR] Failed to load resource: the server responded with a status of 401 () @ https://mac-mini.tailde842d.ts.net/api/time-entries/running:0
[ 4866757ms] [ERROR] Failed to load resource: the server responded with a status of 401 () @ https://mac-mini.tailde842d.ts.net/api/alerts/active:0
[ 4896749ms] [ERROR] Failed to load resource: the server responded with a status of 401 () @ https://mac-mini.tailde842d.ts.net/api/time-entries/running:0
[ 4926756ms] [ERROR] Failed to load resource: the server responded with a status of 401 () @ https://mac-mini.tailde842d.ts.net/api/time-entries/running:0
[ 4926758ms] [ERROR] Failed to load resource: the server responded with a status of 401 () @ https://mac-mini.tailde842d.ts.net/api/notifications?limit=15:0
[ 4926762ms] [ERROR] Failed to load resource: the server responded with a status of 401 () @ https://mac-mini.tailde842d.ts.net/api/alerts/active:0
[ 4956744ms] [ERROR] Failed to load resource: the server responded with a status of 401 () @ https://mac-mini.tailde842d.ts.net/api/time-entries/running:0
[ 4986749ms] [ERROR] Failed to load resource: the server responded with a status of 401 () @ https://mac-mini.tailde842d.ts.net/api/time-entries/running:0
[ 4986749ms] [ERROR] Failed to load resource: the server responded with a status of 401 () @ https://mac-mini.tailde842d.ts.net/api/notifications?limit=15:0
[ 4986754ms] [ERROR] Failed to load resource: the server responded with a status of 401 () @ https://mac-mini.tailde842d.ts.net/api/alerts/active:0
[ 5016744ms] [ERROR] Failed to load resource: the server responded with a status of 401 () @ https://mac-mini.tailde842d.ts.net/api/time-entries/running:0
[ 5046779ms] [ERROR] Failed to load resource: the server responded with a status of 401 () @ https://mac-mini.tailde842d.ts.net/api/notifications?limit=15:0
[ 5046779ms] [ERROR] Failed to load resource: the server responded with a status of 401 () @ https://mac-mini.tailde842d.ts.net/api/time-entries/running:0
[ 5046786ms] [ERROR] Failed to load resource: the server responded with a status of 401 () @ https://mac-mini.tailde842d.ts.net/api/alerts/active:0
[ 5076746ms] [ERROR] Failed to load resource: the server responded with a status of 401 () @ https://mac-mini.tailde842d.ts.net/api/time-entries/running:0
[ 5106748ms] [ERROR] Failed to load resource: the server responded with a status of 401 () @ https://mac-mini.tailde842d.ts.net/api/time-entries/running:0
[ 5106748ms] [ERROR] Failed to load resource: the server responded with a status of 401 () @ https://mac-mini.tailde842d.ts.net/api/notifications?limit=15:0
[ 5106755ms] [ERROR] Failed to load resource: the server responded with a status of 401 () @ https://mac-mini.tailde842d.ts.net/api/alerts/active:0
[ 5136742ms] [ERROR] Failed to load resource: the server responded with a status of 401 () @ https://mac-mini.tailde842d.ts.net/api/time-entries/running:0
[ 5166744ms] [ERROR] Failed to load resource: the server responded with a status of 401 () @ https://mac-mini.tailde842d.ts.net/api/notifications?limit=15:0
[ 5166744ms] [ERROR] Failed to load resource: the server responded with a status of 401 () @ https://mac-mini.tailde842d.ts.net/api/time-entries/running:0
[ 5166749ms] [ERROR] Failed to load resource: the server responded with a status of 401 () @ https://mac-mini.tailde842d.ts.net/api/alerts/active:0
[ 5196740ms] [ERROR] Failed to load resource: the server responded with a status of 401 () @ https://mac-mini.tailde842d.ts.net/api/time-entries/running:0
[ 5226744ms] [ERROR] Failed to load resource: the server responded with a status of 401 () @ https://mac-mini.tailde842d.ts.net/api/time-entries/running:0
[ 5226744ms] [ERROR] Failed to load resource: the server responded with a status of 401 () @ https://mac-mini.tailde842d.ts.net/api/notifications?limit=15:0
[ 5226749ms] [ERROR] Failed to load resource: the server responded with a status of 401 () @ https://mac-mini.tailde842d.ts.net/api/alerts/active:0
[ 5256741ms] [ERROR] Failed to load resource: the server responded with a status of 401 () @ https://mac-mini.tailde842d.ts.net/api/time-entries/running:0
[ 5286743ms] [ERROR] Failed to load resource: the server responded with a status of 401 () @ https://mac-mini.tailde842d.ts.net/api/time-entries/running:0
[ 5286744ms] [ERROR] Failed to load resource: the server responded with a status of 401 () @ https://mac-mini.tailde842d.ts.net/api/notifications?limit=15:0
[ 5286748ms] [ERROR] Failed to load resource: the server responded with a status of 401 () @ https://mac-mini.tailde842d.ts.net/api/alerts/active:0
[ 5316740ms] [ERROR] Failed to load resource: the server responded with a status of 401 () @ https://mac-mini.tailde842d.ts.net/api/time-entries/running:0
[ 5346745ms] [ERROR] Failed to load resource: the server responded with a status of 401 () @ https://mac-mini.tailde842d.ts.net/api/notifications?limit=15:0
[ 5346746ms] [ERROR] Failed to load resource: the server responded with a status of 401 () @ https://mac-mini.tailde842d.ts.net/api/time-entries/running:0
[ 5346750ms] [ERROR] Failed to load resource: the server responded with a status of 401 () @ https://mac-mini.tailde842d.ts.net/api/alerts/active:0
[ 5376750ms] [ERROR] Failed to load resource: the server responded with a status of 401 () @ https://mac-mini.tailde842d.ts.net/api/time-entries/running:0
[ 5406743ms] [ERROR] Failed to load resource: the server responded with a status of 401 () @ https://mac-mini.tailde842d.ts.net/api/time-entries/running:0
[ 5406743ms] [ERROR] Failed to load resource: the server responded with a status of 401 () @ https://mac-mini.tailde842d.ts.net/api/notifications?limit=15:0
[ 5406748ms] [ERROR] Failed to load resource: the server responded with a status of 401 () @ https://mac-mini.tailde842d.ts.net/api/alerts/active:0
[ 5436741ms] [ERROR] Failed to load resource: the server responded with a status of 401 () @ https://mac-mini.tailde842d.ts.net/api/time-entries/running:0
[ 5466746ms] [ERROR] Failed to load resource: the server responded with a status of 401 () @ https://mac-mini.tailde842d.ts.net/api/notifications?limit=15:0
[ 5466747ms] [ERROR] Failed to load resource: the server responded with a status of 401 () @ https://mac-mini.tailde842d.ts.net/api/time-entries/running:0
[ 5466751ms] [ERROR] Failed to load resource: the server responded with a status of 401 () @ https://mac-mini.tailde842d.ts.net/api/alerts/active:0
[ 5496742ms] [ERROR] Failed to load resource: the server responded with a status of 401 () @ https://mac-mini.tailde842d.ts.net/api/time-entries/running:0
[ 5526744ms] [ERROR] Failed to load resource: the server responded with a status of 401 () @ https://mac-mini.tailde842d.ts.net/api/notifications?limit=15:0
[ 5526744ms] [ERROR] Failed to load resource: the server responded with a status of 401 () @ https://mac-mini.tailde842d.ts.net/api/time-entries/running:0
[ 5526749ms] [ERROR] Failed to load resource: the server responded with a status of 401 () @ https://mac-mini.tailde842d.ts.net/api/alerts/active:0
[ 5556739ms] [ERROR] Failed to load resource: the server responded with a status of 401 () @ https://mac-mini.tailde842d.ts.net/api/time-entries/running:0
[ 5586744ms] [ERROR] Failed to load resource: the server responded with a status of 401 () @ https://mac-mini.tailde842d.ts.net/api/notifications?limit=15:0
[ 5586744ms] [ERROR] Failed to load resource: the server responded with a status of 401 () @ https://mac-mini.tailde842d.ts.net/api/time-entries/running:0
[ 5586749ms] [ERROR] Failed to load resource: the server responded with a status of 401 () @ https://mac-mini.tailde842d.ts.net/api/alerts/active:0
[ 5616741ms] [ERROR] Failed to load resource: the server responded with a status of 401 () @ https://mac-mini.tailde842d.ts.net/api/time-entries/running:0
[ 5646745ms] [ERROR] Failed to load resource: the server responded with a status of 401 () @ https://mac-mini.tailde842d.ts.net/api/time-entries/running:0
[ 5646745ms] [ERROR] Failed to load resource: the server responded with a status of 401 () @ https://mac-mini.tailde842d.ts.net/api/notifications?limit=15:0
[ 5646751ms] [ERROR] Failed to load resource: the server responded with a status of 401 () @ https://mac-mini.tailde842d.ts.net/api/alerts/active:0
[ 5676742ms] [ERROR] Failed to load resource: the server responded with a status of 401 () @ https://mac-mini.tailde842d.ts.net/api/time-entries/running:0
[ 5706743ms] [ERROR] Failed to load resource: the server responded with a status of 401 () @ https://mac-mini.tailde842d.ts.net/api/time-entries/running:0
[ 5706745ms] [ERROR] Failed to load resource: the server responded with a status of 401 () @ https://mac-mini.tailde842d.ts.net/api/notifications?limit=15:0
[ 5706750ms] [ERROR] Failed to load resource: the server responded with a status of 401 () @ https://mac-mini.tailde842d.ts.net/api/alerts/active:0
[ 5736740ms] [ERROR] Failed to load resource: the server responded with a status of 401 () @ https://mac-mini.tailde842d.ts.net/api/time-entries/running:0
[ 5766741ms] [ERROR] Failed to load resource: the server responded with a status of 401 () @ https://mac-mini.tailde842d.ts.net/api/time-entries/running:0
[ 5766741ms] [ERROR] Failed to load resource: the server responded with a status of 401 () @ https://mac-mini.tailde842d.ts.net/api/notifications?limit=15:0
[ 5766745ms] [ERROR] Failed to load resource: the server responded with a status of 401 () @ https://mac-mini.tailde842d.ts.net/api/alerts/active:0
[ 5796741ms] [ERROR] Failed to load resource: the server responded with a status of 401 () @ https://mac-mini.tailde842d.ts.net/api/time-entries/running:0
[ 5826742ms] [ERROR] Failed to load resource: the server responded with a status of 401 () @ https://mac-mini.tailde842d.ts.net/api/notifications?limit=15:0
[ 5826742ms] [ERROR] Failed to load resource: the server responded with a status of 401 () @ https://mac-mini.tailde842d.ts.net/api/time-entries/running:0
[ 5826746ms] [ERROR] Failed to load resource: the server responded with a status of 401 () @ https://mac-mini.tailde842d.ts.net/api/alerts/active:0
[ 5856741ms] [ERROR] Failed to load resource: the server responded with a status of 401 () @ https://mac-mini.tailde842d.ts.net/api/time-entries/running:0
[ 5886741ms] [ERROR] Failed to load resource: the server responded with a status of 401 () @ https://mac-mini.tailde842d.ts.net/api/notifications?limit=15:0
[ 5886741ms] [ERROR] Failed to load resource: the server responded with a status of 401 () @ https://mac-mini.tailde842d.ts.net/api/time-entries/running:0
[ 5886744ms] [ERROR] Failed to load resource: the server responded with a status of 401 () @ https://mac-mini.tailde842d.ts.net/api/alerts/active:0
[ 5916746ms] [ERROR] Failed to load resource: the server responded with a status of 401 () @ https://mac-mini.tailde842d.ts.net/api/time-entries/running:0
[ 5946741ms] [ERROR] Failed to load resource: the server responded with a status of 401 () @ https://mac-mini.tailde842d.ts.net/api/time-entries/running:0
[ 5946741ms] [ERROR] Failed to load resource: the server responded with a status of 401 () @ https://mac-mini.tailde842d.ts.net/api/notifications?limit=15:0
[ 5946746ms] [ERROR] Failed to load resource: the server responded with a status of 401 () @ https://mac-mini.tailde842d.ts.net/api/alerts/active:0
[ 5976745ms] [ERROR] Failed to load resource: the server responded with a status of 401 () @ https://mac-mini.tailde842d.ts.net/api/time-entries/running:0
[ 6006736ms] [ERROR] Failed to load resource: the server responded with a status of 401 () @ https://mac-mini.tailde842d.ts.net/api/time-entries/running:0
[ 6006736ms] [ERROR] Failed to load resource: the server responded with a status of 401 () @ https://mac-mini.tailde842d.ts.net/api/notifications?limit=15:0
[ 6006739ms] [ERROR] Failed to load resource: the server responded with a status of 401 () @ https://mac-mini.tailde842d.ts.net/api/alerts/active:0
[ 6036739ms] [ERROR] Failed to load resource: the server responded with a status of 401 () @ https://mac-mini.tailde842d.ts.net/api/time-entries/running:0
[ 6066747ms] [ERROR] Failed to load resource: the server responded with a status of 401 () @ https://mac-mini.tailde842d.ts.net/api/time-entries/running:0
[ 6066747ms] [ERROR] Failed to load resource: the server responded with a status of 401 () @ https://mac-mini.tailde842d.ts.net/api/notifications?limit=15:0
[ 6066751ms] [ERROR] Failed to load resource: the server responded with a status of 401 () @ https://mac-mini.tailde842d.ts.net/api/alerts/active:0
[ 6096738ms] [ERROR] Failed to load resource: the server responded with a status of 401 () @ https://mac-mini.tailde842d.ts.net/api/time-entries/running:0
[ 6126742ms] [ERROR] Failed to load resource: the server responded with a status of 401 () @ https://mac-mini.tailde842d.ts.net/api/notifications?limit=15:0
[ 6126742ms] [ERROR] Failed to load resource: the server responded with a status of 401 () @ https://mac-mini.tailde842d.ts.net/api/time-entries/running:0
[ 6126746ms] [ERROR] Failed to load resource: the server responded with a status of 401 () @ https://mac-mini.tailde842d.ts.net/api/alerts/active:0
[ 6156738ms] [ERROR] Failed to load resource: the server responded with a status of 401 () @ https://mac-mini.tailde842d.ts.net/api/time-entries/running:0
[ 6186741ms] [ERROR] Failed to load resource: the server responded with a status of 401 () @ https://mac-mini.tailde842d.ts.net/api/time-entries/running:0
[ 6186741ms] [ERROR] Failed to load resource: the server responded with a status of 401 () @ https://mac-mini.tailde842d.ts.net/api/notifications?limit=15:0
[ 6186746ms] [ERROR] Failed to load resource: the server responded with a status of 401 () @ https://mac-mini.tailde842d.ts.net/api/alerts/active:0
[ 6216738ms] [ERROR] Failed to load resource: the server responded with a status of 401 () @ https://mac-mini.tailde842d.ts.net/api/time-entries/running:0
[ 6246743ms] [ERROR] Failed to load resource: the server responded with a status of 401 () @ https://mac-mini.tailde842d.ts.net/api/notifications?limit=15:0
[ 6246744ms] [ERROR] Failed to load resource: the server responded with a status of 401 () @ https://mac-mini.tailde842d.ts.net/api/time-entries/running:0
[ 6246749ms] [ERROR] Failed to load resource: the server responded with a status of 401 () @ https://mac-mini.tailde842d.ts.net/api/alerts/active:0
[ 6276740ms] [ERROR] Failed to load resource: the server responded with a status of 401 () @ https://mac-mini.tailde842d.ts.net/api/time-entries/running:0
[ 6306741ms] [ERROR] Failed to load resource: the server responded with a status of 401 () @ https://mac-mini.tailde842d.ts.net/api/time-entries/running:0
[ 6306742ms] [ERROR] Failed to load resource: the server responded with a status of 401 () @ https://mac-mini.tailde842d.ts.net/api/notifications?limit=15:0
[ 6306746ms] [ERROR] Failed to load resource: the server responded with a status of 401 () @ https://mac-mini.tailde842d.ts.net/api/alerts/active:0
[ 6336739ms] [ERROR] Failed to load resource: the server responded with a status of 401 () @ https://mac-mini.tailde842d.ts.net/api/time-entries/running:0
[ 6366740ms] [ERROR] Failed to load resource: the server responded with a status of 401 () @ https://mac-mini.tailde842d.ts.net/api/notifications?limit=15:0
[ 6366740ms] [ERROR] Failed to load resource: the server responded with a status of 401 () @ https://mac-mini.tailde842d.ts.net/api/time-entries/running:0
[ 6366745ms] [ERROR] Failed to load resource: the server responded with a status of 401 () @ https://mac-mini.tailde842d.ts.net/api/alerts/active:0
[ 6396738ms] [ERROR] Failed to load resource: the server responded with a status of 401 () @ https://mac-mini.tailde842d.ts.net/api/time-entries/running:0
[ 6426741ms] [ERROR] Failed to load resource: the server responded with a status of 401 () @ https://mac-mini.tailde842d.ts.net/api/time-entries/running:0
[ 6426741ms] [ERROR] Failed to load resource: the server responded with a status of 401 () @ https://mac-mini.tailde842d.ts.net/api/notifications?limit=15:0
[ 6426746ms] [ERROR] Failed to load resource: the server responded with a status of 401 () @ https://mac-mini.tailde842d.ts.net/api/alerts/active:0
[ 6456738ms] [ERROR] Failed to load resource: the server responded with a status of 401 () @ https://mac-mini.tailde842d.ts.net/api/time-entries/running:0
[ 6486741ms] [ERROR] Failed to load resource: the server responded with a status of 401 () @ https://mac-mini.tailde842d.ts.net/api/time-entries/running:0
[ 6486741ms] [ERROR] Failed to load resource: the server responded with a status of 401 () @ https://mac-mini.tailde842d.ts.net/api/notifications?limit=15:0
[ 6486745ms] [ERROR] Failed to load resource: the server responded with a status of 401 () @ https://mac-mini.tailde842d.ts.net/api/alerts/active:0
[ 6516737ms] [ERROR] Failed to load resource: the server responded with a status of 401 () @ https://mac-mini.tailde842d.ts.net/api/time-entries/running:0
[ 6546741ms] [ERROR] Failed to load resource: the server responded with a status of 401 () @ https://mac-mini.tailde842d.ts.net/api/notifications?limit=15:0
[ 6546741ms] [ERROR] Failed to load resource: the server responded with a status of 401 () @ https://mac-mini.tailde842d.ts.net/api/time-entries/running:0
[ 6546746ms] [ERROR] Failed to load resource: the server responded with a status of 401 () @ https://mac-mini.tailde842d.ts.net/api/alerts/active:0
[ 6576736ms] [ERROR] Failed to load resource: the server responded with a status of 401 () @ https://mac-mini.tailde842d.ts.net/api/time-entries/running:0
[ 6606739ms] [ERROR] Failed to load resource: the server responded with a status of 401 () @ https://mac-mini.tailde842d.ts.net/api/notifications?limit=15:0
[ 6606739ms] [ERROR] Failed to load resource: the server responded with a status of 401 () @ https://mac-mini.tailde842d.ts.net/api/time-entries/running:0
[ 6606744ms] [ERROR] Failed to load resource: the server responded with a status of 401 () @ https://mac-mini.tailde842d.ts.net/api/alerts/active:0
[ 6636736ms] [ERROR] Failed to load resource: the server responded with a status of 401 () @ https://mac-mini.tailde842d.ts.net/api/time-entries/running:0
[ 6666740ms] [ERROR] Failed to load resource: the server responded with a status of 401 () @ https://mac-mini.tailde842d.ts.net/api/time-entries/running:0
[ 6666741ms] [ERROR] Failed to load resource: the server responded with a status of 401 () @ https://mac-mini.tailde842d.ts.net/api/notifications?limit=15:0
[ 6666747ms] [ERROR] Failed to load resource: the server responded with a status of 401 () @ https://mac-mini.tailde842d.ts.net/api/alerts/active:0
[ 6696737ms] [ERROR] Failed to load resource: the server responded with a status of 401 () @ https://mac-mini.tailde842d.ts.net/api/time-entries/running:0
[ 6726741ms] [ERROR] Failed to load resource: the server responded with a status of 401 () @ https://mac-mini.tailde842d.ts.net/api/notifications?limit=15:0
[ 6726742ms] [ERROR] Failed to load resource: the server responded with a status of 401 () @ https://mac-mini.tailde842d.ts.net/api/time-entries/running:0
[ 6726747ms] [ERROR] Failed to load resource: the server responded with a status of 401 () @ https://mac-mini.tailde842d.ts.net/api/alerts/active:0
[ 6756737ms] [ERROR] Failed to load resource: the server responded with a status of 401 () @ https://mac-mini.tailde842d.ts.net/api/time-entries/running:0
[ 6786740ms] [ERROR] Failed to load resource: the server responded with a status of 401 () @ https://mac-mini.tailde842d.ts.net/api/notifications?limit=15:0
[ 6786740ms] [ERROR] Failed to load resource: the server responded with a status of 401 () @ https://mac-mini.tailde842d.ts.net/api/time-entries/running:0
[ 6786745ms] [ERROR] Failed to load resource: the server responded with a status of 401 () @ https://mac-mini.tailde842d.ts.net/api/alerts/active:0
[ 6816755ms] [ERROR] Failed to load resource: the server responded with a status of 401 () @ https://mac-mini.tailde842d.ts.net/api/time-entries/running:0
[ 6846742ms] [ERROR] Failed to load resource: the server responded with a status of 401 () @ https://mac-mini.tailde842d.ts.net/api/time-entries/running:0
[ 6846742ms] [ERROR] Failed to load resource: the server responded with a status of 401 () @ https://mac-mini.tailde842d.ts.net/api/notifications?limit=15:0
[ 6846747ms] [ERROR] Failed to load resource: the server responded with a status of 401 () @ https://mac-mini.tailde842d.ts.net/api/alerts/active:0
[ 6876740ms] [ERROR] Failed to load resource: the server responded with a status of 401 () @ https://mac-mini.tailde842d.ts.net/api/time-entries/running:0
[ 6906741ms] [ERROR] Failed to load resource: the server responded with a status of 401 () @ https://mac-mini.tailde842d.ts.net/api/time-entries/running:0
[ 6906742ms] [ERROR] Failed to load resource: the server responded with a status of 401 () @ https://mac-mini.tailde842d.ts.net/api/notifications?limit=15:0
[ 6906750ms] [ERROR] Failed to load resource: the server responded with a status of 401 () @ https://mac-mini.tailde842d.ts.net/api/alerts/active:0
[ 6936736ms] [ERROR] Failed to load resource: the server responded with a status of 401 () @ https://mac-mini.tailde842d.ts.net/api/time-entries/running:0
[ 6966740ms] [ERROR] Failed to load resource: the server responded with a status of 401 () @ https://mac-mini.tailde842d.ts.net/api/time-entries/running:0
[ 6966741ms] [ERROR] Failed to load resource: the server responded with a status of 401 () @ https://mac-mini.tailde842d.ts.net/api/notifications?limit=15:0
[ 6966746ms] [ERROR] Failed to load resource: the server responded with a status of 401 () @ https://mac-mini.tailde842d.ts.net/api/alerts/active:0
[ 6996735ms] [ERROR] Failed to load resource: the server responded with a status of 401 () @ https://mac-mini.tailde842d.ts.net/api/time-entries/running:0
[ 7026737ms] [ERROR] Failed to load resource: the server responded with a status of 401 () @ https://mac-mini.tailde842d.ts.net/api/notifications?limit=15:0
[ 7026738ms] [ERROR] Failed to load resource: the server responded with a status of 401 () @ https://mac-mini.tailde842d.ts.net/api/time-entries/running:0
[ 7026743ms] [ERROR] Failed to load resource: the server responded with a status of 401 () @ https://mac-mini.tailde842d.ts.net/api/alerts/active:0
[ 7056735ms] [ERROR] Failed to load resource: the server responded with a status of 401 () @ https://mac-mini.tailde842d.ts.net/api/time-entries/running:0
[ 7086738ms] [ERROR] Failed to load resource: the server responded with a status of 401 () @ https://mac-mini.tailde842d.ts.net/api/notifications?limit=15:0
[ 7086739ms] [ERROR] Failed to load resource: the server responded with a status of 401 () @ https://mac-mini.tailde842d.ts.net/api/time-entries/running:0
[ 7086743ms] [ERROR] Failed to load resource: the server responded with a status of 401 () @ https://mac-mini.tailde842d.ts.net/api/alerts/active:0
[ 7116737ms] [ERROR] Failed to load resource: the server responded with a status of 401 () @ https://mac-mini.tailde842d.ts.net/api/time-entries/running:0
[ 7146760ms] [ERROR] Failed to load resource: the server responded with a status of 401 () @ https://mac-mini.tailde842d.ts.net/api/time-entries/running:0
[ 7146761ms] [ERROR] Failed to load resource: the server responded with a status of 401 () @ https://mac-mini.tailde842d.ts.net/api/notifications?limit=15:0
[ 7146772ms] [ERROR] Failed to load resource: the server responded with a status of 401 () @ https://mac-mini.tailde842d.ts.net/api/alerts/active:0
[ 7176738ms] [ERROR] Failed to load resource: the server responded with a status of 401 () @ https://mac-mini.tailde842d.ts.net/api/time-entries/running:0
[ 7206735ms] [ERROR] Failed to load resource: the server responded with a status of 401 () @ https://mac-mini.tailde842d.ts.net/api/notifications?limit=15:0
[ 7206736ms] [ERROR] Failed to load resource: the server responded with a status of 401 () @ https://mac-mini.tailde842d.ts.net/api/time-entries/running:0
[ 7206740ms] [ERROR] Failed to load resource: the server responded with a status of 401 () @ https://mac-mini.tailde842d.ts.net/api/alerts/active:0
[ 7236734ms] [ERROR] Failed to load resource: the server responded with a status of 401 () @ https://mac-mini.tailde842d.ts.net/api/time-entries/running:0
[ 7266762ms] [ERROR] Failed to load resource: the server responded with a status of 401 () @ https://mac-mini.tailde842d.ts.net/api/notifications?limit=15:0
[ 7266762ms] [ERROR] Failed to load resource: the server responded with a status of 401 () @ https://mac-mini.tailde842d.ts.net/api/time-entries/running:0
[ 7266769ms] [ERROR] Failed to load resource: the server responded with a status of 401 () @ https://mac-mini.tailde842d.ts.net/api/alerts/active:0
[ 7296736ms] [ERROR] Failed to load resource: the server responded with a status of 401 () @ https://mac-mini.tailde842d.ts.net/api/time-entries/running:0
[ 7326764ms] [ERROR] Failed to load resource: the server responded with a status of 401 () @ https://mac-mini.tailde842d.ts.net/api/notifications?limit=15:0
[ 7326764ms] [ERROR] Failed to load resource: the server responded with a status of 401 () @ https://mac-mini.tailde842d.ts.net/api/time-entries/running:0
[ 7326771ms] [ERROR] Failed to load resource: the server responded with a status of 401 () @ https://mac-mini.tailde842d.ts.net/api/alerts/active:0
[ 7356747ms] [ERROR] Failed to load resource: the server responded with a status of 401 () @ https://mac-mini.tailde842d.ts.net/api/time-entries/running:0
[ 7386744ms] [ERROR] Failed to load resource: the server responded with a status of 401 () @ https://mac-mini.tailde842d.ts.net/api/notifications?limit=15:0
[ 7386744ms] [ERROR] Failed to load resource: the server responded with a status of 401 () @ https://mac-mini.tailde842d.ts.net/api/time-entries/running:0
[ 7386752ms] [ERROR] Failed to load resource: the server responded with a status of 401 () @ https://mac-mini.tailde842d.ts.net/api/alerts/active:0
[ 7416735ms] [ERROR] Failed to load resource: the server responded with a status of 401 () @ https://mac-mini.tailde842d.ts.net/api/time-entries/running:0
[ 7446743ms] [ERROR] Failed to load resource: the server responded with a status of 401 () @ https://mac-mini.tailde842d.ts.net/api/time-entries/running:0
[ 7446743ms] [ERROR] Failed to load resource: the server responded with a status of 401 () @ https://mac-mini.tailde842d.ts.net/api/notifications?limit=15:0
[ 7446752ms] [ERROR] Failed to load resource: the server responded with a status of 401 () @ https://mac-mini.tailde842d.ts.net/api/alerts/active:0
[ 7476735ms] [ERROR] Failed to load resource: the server responded with a status of 401 () @ https://mac-mini.tailde842d.ts.net/api/time-entries/running:0
[ 7506743ms] [ERROR] Failed to load resource: the server responded with a status of 401 () @ https://mac-mini.tailde842d.ts.net/api/notifications?limit=15:0
[ 7506744ms] [ERROR] Failed to load resource: the server responded with a status of 401 () @ https://mac-mini.tailde842d.ts.net/api/time-entries/running:0
[ 7506751ms] [ERROR] Failed to load resource: the server responded with a status of 401 () @ https://mac-mini.tailde842d.ts.net/api/alerts/active:0
[ 7536737ms] [ERROR] Failed to load resource: the server responded with a status of 401 () @ https://mac-mini.tailde842d.ts.net/api/time-entries/running:0
[ 7566738ms] [ERROR] Failed to load resource: the server responded with a status of 401 () @ https://mac-mini.tailde842d.ts.net/api/time-entries/running:0
[ 7566738ms] [ERROR] Failed to load resource: the server responded with a status of 401 () @ https://mac-mini.tailde842d.ts.net/api/notifications?limit=15:0
[ 7566744ms] [ERROR] Failed to load resource: the server responded with a status of 401 () @ https://mac-mini.tailde842d.ts.net/api/alerts/active:0
[ 7596736ms] [ERROR] Failed to load resource: the server responded with a status of 401 () @ https://mac-mini.tailde842d.ts.net/api/time-entries/running:0
[ 7626743ms] [ERROR] Failed to load resource: the server responded with a status of 401 () @ https://mac-mini.tailde842d.ts.net/api/notifications?limit=15:0
[ 7626744ms] [ERROR] Failed to load resource: the server responded with a status of 401 () @ https://mac-mini.tailde842d.ts.net/api/time-entries/running:0
[ 7626749ms] [ERROR] Failed to load resource: the server responded with a status of 401 () @ https://mac-mini.tailde842d.ts.net/api/alerts/active:0
[ 7656733ms] [ERROR] Failed to load resource: the server responded with a status of 401 () @ https://mac-mini.tailde842d.ts.net/api/time-entries/running:0
[ 7686739ms] [ERROR] Failed to load resource: the server responded with a status of 401 () @ https://mac-mini.tailde842d.ts.net/api/notifications?limit=15:0
[ 7686739ms] [ERROR] Failed to load resource: the server responded with a status of 401 () @ https://mac-mini.tailde842d.ts.net/api/time-entries/running:0
[ 7686744ms] [ERROR] Failed to load resource: the server responded with a status of 401 () @ https://mac-mini.tailde842d.ts.net/api/alerts/active:0
[ 7716735ms] [ERROR] Failed to load resource: the server responded with a status of 401 () @ https://mac-mini.tailde842d.ts.net/api/time-entries/running:0
[ 7746740ms] [ERROR] Failed to load resource: the server responded with a status of 401 () @ https://mac-mini.tailde842d.ts.net/api/notifications?limit=15:0
[ 7746741ms] [ERROR] Failed to load resource: the server responded with a status of 401 () @ https://mac-mini.tailde842d.ts.net/api/time-entries/running:0
[ 7746747ms] [ERROR] Failed to load resource: the server responded with a status of 401 () @ https://mac-mini.tailde842d.ts.net/api/alerts/active:0
[ 7776735ms] [ERROR] Failed to load resource: the server responded with a status of 401 () @ https://mac-mini.tailde842d.ts.net/api/time-entries/running:0
[ 7806739ms] [ERROR] Failed to load resource: the server responded with a status of 401 () @ https://mac-mini.tailde842d.ts.net/api/time-entries/running:0
[ 7806739ms] [ERROR] Failed to load resource: the server responded with a status of 401 () @ https://mac-mini.tailde842d.ts.net/api/notifications?limit=15:0
[ 7806745ms] [ERROR] Failed to load resource: the server responded with a status of 401 () @ https://mac-mini.tailde842d.ts.net/api/alerts/active:0
[ 7836734ms] [ERROR] Failed to load resource: the server responded with a status of 401 () @ https://mac-mini.tailde842d.ts.net/api/time-entries/running:0
[ 7866737ms] [ERROR] Failed to load resource: the server responded with a status of 401 () @ https://mac-mini.tailde842d.ts.net/api/time-entries/running:0
[ 7866737ms] [ERROR] Failed to load resource: the server responded with a status of 401 () @ https://mac-mini.tailde842d.ts.net/api/notifications?limit=15:0
[ 7866743ms] [ERROR] Failed to load resource: the server responded with a status of 401 () @ https://mac-mini.tailde842d.ts.net/api/alerts/active:0
[ 7896734ms] [ERROR] Failed to load resource: the server responded with a status of 401 () @ https://mac-mini.tailde842d.ts.net/api/time-entries/running:0
[ 7926740ms] [ERROR] Failed to load resource: the server responded with a status of 401 () @ https://mac-mini.tailde842d.ts.net/api/notifications?limit=15:0
[ 7926741ms] [ERROR] Failed to load resource: the server responded with a status of 401 () @ https://mac-mini.tailde842d.ts.net/api/time-entries/running:0
[ 7926747ms] [ERROR] Failed to load resource: the server responded with a status of 401 () @ https://mac-mini.tailde842d.ts.net/api/alerts/active:0
[ 7956732ms] [ERROR] Failed to load resource: the server responded with a status of 401 () @ https://mac-mini.tailde842d.ts.net/api/time-entries/running:0
[ 7986740ms] [ERROR] Failed to load resource: the server responded with a status of 401 () @ https://mac-mini.tailde842d.ts.net/api/notifications?limit=15:0
[ 7986740ms] [ERROR] Failed to load resource: the server responded with a status of 401 () @ https://mac-mini.tailde842d.ts.net/api/time-entries/running:0
[ 7986746ms] [ERROR] Failed to load resource: the server responded with a status of 401 () @ https://mac-mini.tailde842d.ts.net/api/alerts/active:0
[ 8016733ms] [ERROR] Failed to load resource: the server responded with a status of 401 () @ https://mac-mini.tailde842d.ts.net/api/time-entries/running:0
[ 8046741ms] [ERROR] Failed to load resource: the server responded with a status of 401 () @ https://mac-mini.tailde842d.ts.net/api/notifications?limit=15:0
[ 8046741ms] [ERROR] Failed to load resource: the server responded with a status of 401 () @ https://mac-mini.tailde842d.ts.net/api/time-entries/running:0
[ 8046747ms] [ERROR] Failed to load resource: the server responded with a status of 401 () @ https://mac-mini.tailde842d.ts.net/api/alerts/active:0
[ 8076733ms] [ERROR] Failed to load resource: the server responded with a status of 401 () @ https://mac-mini.tailde842d.ts.net/api/time-entries/running:0
[ 8106749ms] [ERROR] Failed to load resource: the server responded with a status of 401 () @ https://mac-mini.tailde842d.ts.net/api/notifications?limit=15:0
[ 8106752ms] [ERROR] Failed to load resource: the server responded with a status of 401 () @ https://mac-mini.tailde842d.ts.net/api/time-entries/running:0
[ 8106765ms] [ERROR] Failed to load resource: the server responded with a status of 401 () @ https://mac-mini.tailde842d.ts.net/api/alerts/active:0
[ 8136736ms] [ERROR] Failed to load resource: the server responded with a status of 401 () @ https://mac-mini.tailde842d.ts.net/api/time-entries/running:0
[ 8166776ms] [ERROR] Failed to load resource: the server responded with a status of 401 () @ https://mac-mini.tailde842d.ts.net/api/notifications?limit=15:0
[ 8166778ms] [ERROR] Failed to load resource: the server responded with a status of 401 () @ https://mac-mini.tailde842d.ts.net/api/time-entries/running:0
[ 8166785ms] [ERROR] Failed to load resource: the server responded with a status of 401 () @ https://mac-mini.tailde842d.ts.net/api/alerts/active:0
[ 8196781ms] [ERROR] Failed to load resource: the server responded with a status of 401 () @ https://mac-mini.tailde842d.ts.net/api/time-entries/running:0
[ 8226740ms] [ERROR] Failed to load resource: the server responded with a status of 401 () @ https://mac-mini.tailde842d.ts.net/api/notifications?limit=15:0
[ 8226741ms] [ERROR] Failed to load resource: the server responded with a status of 401 () @ https://mac-mini.tailde842d.ts.net/api/time-entries/running:0
[ 8226747ms] [ERROR] Failed to load resource: the server responded with a status of 401 () @ https://mac-mini.tailde842d.ts.net/api/alerts/active:0
[ 8256735ms] [ERROR] Failed to load resource: the server responded with a status of 401 () @ https://mac-mini.tailde842d.ts.net/api/time-entries/running:0
[ 8286759ms] [ERROR] Failed to load resource: the server responded with a status of 401 () @ https://mac-mini.tailde842d.ts.net/api/notifications?limit=15:0
[ 8286759ms] [ERROR] Failed to load resource: the server responded with a status of 401 () @ https://mac-mini.tailde842d.ts.net/api/time-entries/running:0
[ 8286766ms] [ERROR] Failed to load resource: the server responded with a status of 401 () @ https://mac-mini.tailde842d.ts.net/api/alerts/active:0
[ 8316734ms] [ERROR] Failed to load resource: the server responded with a status of 401 () @ https://mac-mini.tailde842d.ts.net/api/time-entries/running:0
[ 8346752ms] [ERROR] Failed to load resource: the server responded with a status of 401 () @ https://mac-mini.tailde842d.ts.net/api/time-entries/running:0
[ 8346753ms] [ERROR] Failed to load resource: the server responded with a status of 401 () @ https://mac-mini.tailde842d.ts.net/api/notifications?limit=15:0
[ 8346763ms] [ERROR] Failed to load resource: the server responded with a status of 401 () @ https://mac-mini.tailde842d.ts.net/api/alerts/active:0
[ 8376735ms] [ERROR] Failed to load resource: the server responded with a status of 401 () @ https://mac-mini.tailde842d.ts.net/api/time-entries/running:0
[ 8406742ms] [ERROR] Failed to load resource: the server responded with a status of 401 () @ https://mac-mini.tailde842d.ts.net/api/time-entries/running:0
[ 8406742ms] [ERROR] Failed to load resource: the server responded with a status of 401 () @ https://mac-mini.tailde842d.ts.net/api/notifications?limit=15:0
[ 8406746ms] [ERROR] Failed to load resource: the server responded with a status of 401 () @ https://mac-mini.tailde842d.ts.net/api/alerts/active:0
[ 8436733ms] [ERROR] Failed to load resource: the server responded with a status of 401 () @ https://mac-mini.tailde842d.ts.net/api/time-entries/running:0
[ 8466738ms] [ERROR] Failed to load resource: the server responded with a status of 401 () @ https://mac-mini.tailde842d.ts.net/api/time-entries/running:0
[ 8466739ms] [ERROR] Failed to load resource: the server responded with a status of 401 () @ https://mac-mini.tailde842d.ts.net/api/notifications?limit=15:0
[ 8466743ms] [ERROR] Failed to load resource: the server responded with a status of 401 () @ https://mac-mini.tailde842d.ts.net/api/alerts/active:0
[ 8496729ms] [ERROR] Failed to load resource: the server responded with a status of 401 () @ https://mac-mini.tailde842d.ts.net/api/time-entries/running:0
[ 8526760ms] [ERROR] Failed to load resource: the server responded with a status of 401 () @ https://mac-mini.tailde842d.ts.net/api/notifications?limit=15:0
[ 8526760ms] [ERROR] Failed to load resource: the server responded with a status of 401 () @ https://mac-mini.tailde842d.ts.net/api/time-entries/running:0
[ 8526769ms] [ERROR] Failed to load resource: the server responded with a status of 401 () @ https://mac-mini.tailde842d.ts.net/api/alerts/active:0
[ 8556758ms] [ERROR] Failed to load resource: the server responded with a status of 401 () @ https://mac-mini.tailde842d.ts.net/api/time-entries/running:0
[ 8586797ms] [ERROR] Failed to load resource: the server responded with a status of 401 () @ https://mac-mini.tailde842d.ts.net/api/time-entries/running:0
[ 8586798ms] [ERROR] Failed to load resource: the server responded with a status of 401 () @ https://mac-mini.tailde842d.ts.net/api/notifications?limit=15:0
[ 8586808ms] [ERROR] Failed to load resource: the server responded with a status of 401 () @ https://mac-mini.tailde842d.ts.net/api/alerts/active:0
[ 8616731ms] [ERROR] Failed to load resource: the server responded with a status of 401 () @ https://mac-mini.tailde842d.ts.net/api/time-entries/running:0
[ 8646766ms] [ERROR] Failed to load resource: the server responded with a status of 401 () @ https://mac-mini.tailde842d.ts.net/api/notifications?limit=15:0
[ 8646766ms] [ERROR] Failed to load resource: the server responded with a status of 401 () @ https://mac-mini.tailde842d.ts.net/api/time-entries/running:0
[ 8646770ms] [ERROR] Failed to load resource: the server responded with a status of 401 () @ https://mac-mini.tailde842d.ts.net/api/alerts/active:0
[ 8676732ms] [ERROR] Failed to load resource: the server responded with a status of 401 () @ https://mac-mini.tailde842d.ts.net/api/time-entries/running:0
[ 8706737ms] [ERROR] Failed to load resource: the server responded with a status of 401 () @ https://mac-mini.tailde842d.ts.net/api/time-entries/running:0
[ 8706737ms] [ERROR] Failed to load resource: the server responded with a status of 401 () @ https://mac-mini.tailde842d.ts.net/api/notifications?limit=15:0
[ 8706742ms] [ERROR] Failed to load resource: the server responded with a status of 401 () @ https://mac-mini.tailde842d.ts.net/api/alerts/active:0
[ 8736739ms] [ERROR] Failed to load resource: the server responded with a status of 401 () @ https://mac-mini.tailde842d.ts.net/api/time-entries/running:0
[ 8766762ms] [ERROR] Failed to load resource: the server responded with a status of 401 () @ https://mac-mini.tailde842d.ts.net/api/time-entries/running:0
[ 8766762ms] [ERROR] Failed to load resource: the server responded with a status of 401 () @ https://mac-mini.tailde842d.ts.net/api/notifications?limit=15:0
[ 8766767ms] [ERROR] Failed to load resource: the server responded with a status of 401 () @ https://mac-mini.tailde842d.ts.net/api/alerts/active:0
[ 8796741ms] [ERROR] Failed to load resource: the server responded with a status of 401 () @ https://mac-mini.tailde842d.ts.net/api/time-entries/running:0
[ 8826737ms] [ERROR] Failed to load resource: the server responded with a status of 401 () @ https://mac-mini.tailde842d.ts.net/api/notifications?limit=15:0
[ 8826738ms] [ERROR] Failed to load resource: the server responded with a status of 401 () @ https://mac-mini.tailde842d.ts.net/api/time-entries/running:0
[ 8826743ms] [ERROR] Failed to load resource: the server responded with a status of 401 () @ https://mac-mini.tailde842d.ts.net/api/alerts/active:0
[ 8856770ms] [ERROR] Failed to load resource: the server responded with a status of 401 () @ https://mac-mini.tailde842d.ts.net/api/time-entries/running:0
[ 8886770ms] [ERROR] Failed to load resource: the server responded with a status of 401 () @ https://mac-mini.tailde842d.ts.net/api/time-entries/running:0
[ 8886770ms] [ERROR] Failed to load resource: the server responded with a status of 401 () @ https://mac-mini.tailde842d.ts.net/api/notifications?limit=15:0
[ 8886776ms] [ERROR] Failed to load resource: the server responded with a status of 401 () @ https://mac-mini.tailde842d.ts.net/api/alerts/active:0
[ 8916736ms] [ERROR] Failed to load resource: the server responded with a status of 401 () @ https://mac-mini.tailde842d.ts.net/api/time-entries/running:0
[ 8946737ms] [ERROR] Failed to load resource: the server responded with a status of 401 () @ https://mac-mini.tailde842d.ts.net/api/notifications?limit=15:0
[ 8946737ms] [ERROR] Failed to load resource: the server responded with a status of 401 () @ https://mac-mini.tailde842d.ts.net/api/time-entries/running:0
[ 8946742ms] [ERROR] Failed to load resource: the server responded with a status of 401 () @ https://mac-mini.tailde842d.ts.net/api/alerts/active:0
[ 8976732ms] [ERROR] Failed to load resource: the server responded with a status of 401 () @ https://mac-mini.tailde842d.ts.net/api/time-entries/running:0
[ 9006735ms] [ERROR] Failed to load resource: the server responded with a status of 401 () @ https://mac-mini.tailde842d.ts.net/api/time-entries/running:0
[ 9006735ms] [ERROR] Failed to load resource: the server responded with a status of 401 () @ https://mac-mini.tailde842d.ts.net/api/notifications?limit=15:0
[ 9006743ms] [ERROR] Failed to load resource: the server responded with a status of 401 () @ https://mac-mini.tailde842d.ts.net/api/alerts/active:0
[ 9036734ms] [ERROR] Failed to load resource: the server responded with a status of 401 () @ https://mac-mini.tailde842d.ts.net/api/time-entries/running:0
[ 9066735ms] [ERROR] Failed to load resource: the server responded with a status of 401 () @ https://mac-mini.tailde842d.ts.net/api/notifications?limit=15:0
[ 9066735ms] [ERROR] Failed to load resource: the server responded with a status of 401 () @ https://mac-mini.tailde842d.ts.net/api/time-entries/running:0
[ 9066740ms] [ERROR] Failed to load resource: the server responded with a status of 401 () @ https://mac-mini.tailde842d.ts.net/api/alerts/active:0
[ 9096736ms] [ERROR] Failed to load resource: the server responded with a status of 401 () @ https://mac-mini.tailde842d.ts.net/api/time-entries/running:0
[ 9126741ms] [ERROR] Failed to load resource: the server responded with a status of 401 () @ https://mac-mini.tailde842d.ts.net/api/notifications?limit=15:0
[ 9126742ms] [ERROR] Failed to load resource: the server responded with a status of 401 () @ https://mac-mini.tailde842d.ts.net/api/time-entries/running:0
[ 9126748ms] [ERROR] Failed to load resource: the server responded with a status of 401 () @ https://mac-mini.tailde842d.ts.net/api/alerts/active:0
[ 9156733ms] [ERROR] Failed to load resource: the server responded with a status of 401 () @ https://mac-mini.tailde842d.ts.net/api/time-entries/running:0
[ 9186735ms] [ERROR] Failed to load resource: the server responded with a status of 401 () @ https://mac-mini.tailde842d.ts.net/api/time-entries/running:0
[ 9186736ms] [ERROR] Failed to load resource: the server responded with a status of 401 () @ https://mac-mini.tailde842d.ts.net/api/notifications?limit=15:0
[ 9186741ms] [ERROR] Failed to load resource: the server responded with a status of 401 () @ https://mac-mini.tailde842d.ts.net/api/alerts/active:0
[ 9216742ms] [ERROR] Failed to load resource: the server responded with a status of 401 () @ https://mac-mini.tailde842d.ts.net/api/time-entries/running:0
[ 9246734ms] [ERROR] Failed to load resource: the server responded with a status of 401 () @ https://mac-mini.tailde842d.ts.net/api/notifications?limit=15:0
[ 9246734ms] [ERROR] Failed to load resource: the server responded with a status of 401 () @ https://mac-mini.tailde842d.ts.net/api/time-entries/running:0
[ 9246742ms] [ERROR] Failed to load resource: the server responded with a status of 401 () @ https://mac-mini.tailde842d.ts.net/api/alerts/active:0
[ 9276755ms] [ERROR] Failed to load resource: the server responded with a status of 401 () @ https://mac-mini.tailde842d.ts.net/api/time-entries/running:0
[ 9306735ms] [ERROR] Failed to load resource: the server responded with a status of 401 () @ https://mac-mini.tailde842d.ts.net/api/time-entries/running:0
[ 9306736ms] [ERROR] Failed to load resource: the server responded with a status of 401 () @ https://mac-mini.tailde842d.ts.net/api/notifications?limit=15:0
[ 9306746ms] [ERROR] Failed to load resource: the server responded with a status of 401 () @ https://mac-mini.tailde842d.ts.net/api/alerts/active:0
