[     395ms] [ERROR] Failed to load resource: the server responded with a status of 404 (Not Found) @ http://mac-mini.tailde842d.ts.net:3100/favicon.ico:0
[  282973ms] [ERROR] ./app/components/feedback-button.tsx
Error: 

Caused by:
    0: Failed to read source code from /Users/openclaw/.openclaw/shared/projects/titan/app/components/feedback-button.tsx
    1: No such file or directory (os error 2)

Import trace for requested module:
./app/components/feedback-button.tsx @ webpack-internal:///(app-pages-browser)/./node_modules/next/dist/next-devtools/userspace/app/errors/intercept-console-error.js:56
[  331605ms] [ERROR] ./app/components/feedback-button.tsx
Error: 

Caused by:
    0: Failed to read source code from /Users/openclaw/.openclaw/shared/projects/titan/app/components/feedback-button.tsx
    1: No such file or directory (os error 2)

Import trace for requested module:
./app/components/feedback-button.tsx @ webpack-internal:///(app-pages-browser)/./node_modules/next/dist/next-devtools/userspace/app/errors/intercept-console-error.js:56
[  503545ms] [ERROR] A tree hydrated but some attributes of the server rendered HTML didn't match the client properties. This won't be patched up. This can happen if a SSR-ed Client Component used:

- A server/client branch `if (typeof window !== 'undefined')`.
- Variable input such as `Date.now()` or `Math.random()` which changes each time it's called.
- Date formatting in a user's locale which doesn't match the server.
- External changing data without sending a snapshot of it along with the HTML.
- Invalid HTML tag nesting.

It can also happen if the client has a browser extension installed which messes with the HTML before React loaded.

%s%s https://react.dev/link/hydration-mismatch 

  ...
    <HotReload assetPrefix="" globalError={[...]}>
      <AppDevOverlayErrorBoundary globalError={[...]}>
        <ReplaySsrOnlyErrors>
        <DevRootHTTPAccessFallbackBoundary>
          <HTTPAccessFallbackBoundary notFound={<NotAllowedRootHTTPFallbackError>}>
            <HTTPAccessFallbackErrorBoundary pathname="/dashboard" notFound={<NotAllowedRootHTTPFallbackError>} ...>
              <RedirectBoundary>
                <RedirectErrorBoundary router={{...}}>
                  <Head>
                  <__next_root_layout_boundary__>
                    <SegmentViewNode type="layout" pagePath="layout.tsx">
                      <SegmentTrieNode>
                      <link>
                      <RootLayout>
                        <html lang="zh-TW" className="__variable..." suppressHydrationWarning={true}>
                          <head>
                            <script
+                             nonce="oSLpAm0+iI4Tvj0lIwn/jA=="
-                             nonce=""
                              dangerouslySetInnerHTML={{__html:"(function(..."}}
                            >
                          ...
                  ...
 @ webpack-internal:///(app-pages-browser)/./node_modules/next/dist/next-devtools/userspace/app/errors/intercept-console-error.js:56
