[     261ms] [WARNING] Manifest: property 'scope' ignored. Start url should be within scope of scope URL. @ https://mac-mini.tailde842d.ts.net/outline/static/manifest.webmanifest:0
[     325ms] [ERROR] Failed to load resource: the server responded with a status of 401 () @ https://mac-mini.tailde842d.ts.net/api/auth.info:0
[     370ms] iu
[     731ms] [ERROR] Failed to load resource: the server responded with a status of 404 () @ https://mac-mini.tailde842d.ts.net/static/assets/vendor-react.ViTgrzW6.js:0
[     751ms] [ERROR] Failed to load resource: the server responded with a status of 404 () @ https://mac-mini.tailde842d.ts.net/static/assets/rolldown-runtime.eihneIGD.js:0
[     762ms] [ERROR] Failed to load resource: the server responded with a status of 404 () @ https://mac-mini.tailde842d.ts.net/static/assets/client.DYJp6F83.js:0
[     775ms] [ERROR] Refused to apply style from 'https://mac-mini.tailde842d.ts.net/static/assets/vendor-react.J4u_ju8H.css' because its MIME type ('text/html') is not a supported stylesheet MIME type, and strict MIME checking is enabled. @ https://mac-mini.tailde842d.ts.net/:0
[     788ms] Error: Unable to preload CSS for /static/assets/vendor-react.J4u_ju8H.css
    at HTMLLinkElement.<anonymous> (https://mac-mini.tailde842d.ts.net/outline/static/assets/vendor-shared.DwEiQ2jE.js:1:1922)
[     795ms] [ERROR] Failed to load resource: the server responded with a status of 404 () @ https://mac-mini.tailde842d.ts.net/static/assets/client.CMI7-6ep.js:0
[     817ms] [ERROR] Failed to load resource: the server responded with a status of 404 () @ https://mac-mini.tailde842d.ts.net/static/assets/LazyLoad.DJuQKVjL.js:0
[     829ms] [ERROR] Failed to load resource: the server responded with a status of 404 () @ https://mac-mini.tailde842d.ts.net/static/assets/vendor-lodash.XzcNXgWo.js:0
[     846ms] [ERROR] Failed to load resource: the server responded with a status of 404 () @ https://mac-mini.tailde842d.ts.net/static/assets/client.BlJfDh4e.js:0
[     865ms] [ERROR] Failed to load resource: the server responded with a status of 404 () @ https://mac-mini.tailde842d.ts.net/static/assets/vendor-shared.DwEiQ2jE.js:0
[     873ms] [ERROR] Failed to load resource: the server responded with a status of 404 () @ https://mac-mini.tailde842d.ts.net/static/assets/client.B1RcHQ8b.js:0
[     889ms] [ERROR] Failed to load resource: the server responded with a status of 404 () @ https://mac-mini.tailde842d.ts.net/static/assets/Icon.BrRwYlpN.js:0
[     897ms] [ERROR] Failed to load resource: the server responded with a status of 404 () @ https://mac-mini.tailde842d.ts.net/static/assets/client.D2wt6bHh.js:0
[     907ms] [ERROR] Failed to load resource: the server responded with a status of 404 () @ https://mac-mini.tailde842d.ts.net/static/assets/Icon.RRId9ddX.js:0
[     916ms] [ERROR] Failed to load resource: the server responded with a status of 404 () @ https://mac-mini.tailde842d.ts.net/static/assets/client.efCIJhb9.js:0
[     943ms] [ERROR] Failed to load resource: the server responded with a status of 404 () @ https://mac-mini.tailde842d.ts.net/static/assets/Icon.BD0cMPJS.js:0
[     943ms] [ERROR] Failed to load resource: the server responded with a status of 404 () @ https://mac-mini.tailde842d.ts.net/static/assets/Icon._QFtLG9V.js:0
[     956ms] [ERROR] Failed to load resource: the server responded with a status of 404 () @ https://mac-mini.tailde842d.ts.net/static/assets/client.DTEjI1zp.js:0
[     963ms] [ERROR] Failed to load resource: the server responded with a status of 404 () @ https://mac-mini.tailde842d.ts.net/static/assets/client.CS70eF_E.js:0
[     976ms] [ERROR] Failed to load resource: the server responded with a status of 404 () @ https://mac-mini.tailde842d.ts.net/static/assets/client.Zzu-hO3j.js:0
[     988ms] [ERROR] Failed to load resource: the server responded with a status of 404 () @ https://mac-mini.tailde842d.ts.net/static/assets/Icon.DE9WTY46.js:0
[     998ms] [ERROR] Failed to load resource: the server responded with a status of 404 () @ https://mac-mini.tailde842d.ts.net/static/assets/client.DIqA18-Q.js:0
[    1007ms] [ERROR] Failed to load resource: the server responded with a status of 404 () @ https://mac-mini.tailde842d.ts.net/static/assets/Icon.cL64MWCb.js:0
[    1019ms] [ERROR] Failed to load resource: the server responded with a status of 404 () @ https://mac-mini.tailde842d.ts.net/static/assets/dist.BgirTksm.js:0
[    1030ms] [ERROR] Failed to load resource: the server responded with a status of 404 () @ https://mac-mini.tailde842d.ts.net/static/assets/client.jA1nenIS.js:0
[    1043ms] [ERROR] Failed to load resource: the server responded with a status of 404 () @ https://mac-mini.tailde842d.ts.net/static/assets/InputSelect.CTXrG1zp.js:0
[    1055ms] [ERROR] Failed to load resource: the server responded with a status of 404 () @ https://mac-mini.tailde842d.ts.net/static/assets/Scrollable.CKqX2Jro.js:0
[    1062ms] [ERROR] Failed to load resource: the server responded with a status of 404 () @ https://mac-mini.tailde842d.ts.net/static/assets/NudeButton.CTvmfSix.js:0
[    1070ms] [ERROR] Failed to load resource: the server responded with a status of 404 () @ https://mac-mini.tailde842d.ts.net/static/assets/useWindowSize.CFlZwzOn.js:0
[    1082ms] [ERROR] Failed to load resource: the server responded with a status of 404 () @ https://mac-mini.tailde842d.ts.net/static/assets/vendor-styled.DXBwrUrg.js:0
[    1092ms] [ERROR] Failed to load resource: the server responded with a status of 404 () @ https://mac-mini.tailde842d.ts.net/static/assets/vendor-framer-motion.DlSmCx-d.js:0
[    1103ms] [ERROR] Failed to load resource: the server responded with a status of 404 () @ https://mac-mini.tailde842d.ts.net/static/assets/Drawer.jH0iZz7E.js:0
[    1109ms] [ERROR] Failed to load resource: the server responded with a status of 404 () @ https://mac-mini.tailde842d.ts.net/static/assets/es2015.DO1Idlem.js:0
[    1125ms] [ERROR] Failed to load resource: the server responded with a status of 404 () @ https://mac-mini.tailde842d.ts.net/static/assets/dist.B6NaJ15q.js:0
[    1136ms] [ERROR] Failed to load resource: the server responded with a status of 404 () @ https://mac-mini.tailde842d.ts.net/static/assets/dist.BIUlr4sZ.js:0
[    1147ms] [ERROR] Failed to load resource: the server responded with a status of 404 () @ https://mac-mini.tailde842d.ts.net/static/assets/dist.DitzDZer.js:0
[    1157ms] [ERROR] Failed to load resource: the server responded with a status of 404 () @ https://mac-mini.tailde842d.ts.net/static/assets/routeHelpers.DPcHBTR5.js:0
[    1170ms] [ERROR] Failed to load resource: the server responded with a status of 404 () @ https://mac-mini.tailde842d.ts.net/static/assets/InputSelectPermission.ChRI6n11.js:0
[    1182ms] [ERROR] Failed to load resource: the server responded with a status of 404 () @ https://mac-mini.tailde842d.ts.net/static/assets/useBoolean.CoQ6EyKy.js:0
[    1190ms] [ERROR] Failed to load resource: the server responded with a status of 404 () @ https://mac-mini.tailde842d.ts.net/static/assets/useCurrentTeam.wEzLtjzB.js:0
[    1202ms] [ERROR] Failed to load resource: the server responded with a status of 404 () @ https://mac-mini.tailde842d.ts.net/static/assets/client.DkLBhbZW.js:0
[    1209ms] [ERROR] Failed to load resource: the server responded with a status of 401 () @ https://mac-mini.tailde842d.ts.net/api/auth.delete:0
[    1209ms] [ERROR] Failed to delete authentication {error: iu, extra: undefined} @ https://mac-mini.tailde842d.ts.net/outline/static/assets/index.DVSVbJAN.js:20
[    1210ms] [ERROR] Failed to load resource: the server responded with a status of 404 () @ https://mac-mini.tailde842d.ts.net/static/assets/client.DghlnsEn.js:0
[    1219ms] [ERROR] Failed to load resource: the server responded with a status of 404 () @ https://mac-mini.tailde842d.ts.net/static/assets/client.DjORKmRX.js:0
[    1226ms] [ERROR] Failed to load resource: the server responded with a status of 404 () @ https://mac-mini.tailde842d.ts.net/static/assets/client.vS6r4ydG.js:0
[    1238ms] [ERROR] Failed to load resource: the server responded with a status of 404 () @ https://mac-mini.tailde842d.ts.net/static/assets/Icon.Xcn_1DvK.js:0
[    1245ms] [ERROR] Failed to load resource: the server responded with a status of 404 () @ https://mac-mini.tailde842d.ts.net/static/assets/client.DNAgO6FY.js:0
[    1255ms] [ERROR] Failed to load resource: the server responded with a status of 404 () @ https://mac-mini.tailde842d.ts.net/static/assets/Icon.BWBX741b.js:0
[    1268ms] [ERROR] Failed to load resource: the server responded with a status of 404 () @ https://mac-mini.tailde842d.ts.net/static/assets/client.rzC8Wk85.js:0
[    1273ms] [ERROR] Failed to load resource: the server responded with a status of 404 () @ https://mac-mini.tailde842d.ts.net/locales/en_US.json:0
[    1282ms] [ERROR] Failed to load resource: the server responded with a status of 404 () @ https://mac-mini.tailde842d.ts.net/static/assets/LoadingIndicator.bybfNs1a.js:0
[    1291ms] [ERROR] Failed to load resource: the server responded with a status of 404 () @ https://mac-mini.tailde842d.ts.net/static/assets/Icon.CFYr2Daw.js:0
[    1292ms] [ERROR] Failed to load resource: the server responded with a status of 401 () @ https://mac-mini.tailde842d.ts.net/api/auth.config:0
[    1305ms] [ERROR] Failed to load resource: the server responded with a status of 404 () @ https://mac-mini.tailde842d.ts.net/static/assets/language.BnEMHwtK.js:0
[    1317ms] [ERROR] Failed to load resource: the server responded with a status of 404 () @ https://mac-mini.tailde842d.ts.net/static/assets/useCurrentUser.CHDaKoH2.js:0
[    1325ms] [ERROR] Failed to load resource: the server responded with a status of 404 () @ https://mac-mini.tailde842d.ts.net/static/assets/Authenticated.BaP482yM.js:0
[    1349ms] [ERROR] Failed to load resource: the server responded with a status of 404 () @ https://mac-mini.tailde842d.ts.net/static/assets/PluginIcon.BwmrFBsI.js:0
[    1357ms] [ERROR] Failed to load resource: the server responded with a status of 404 () @ https://mac-mini.tailde842d.ts.net/static/assets/dist.o9rjp70Q.js:0
[    1368ms] [ERROR] Failed to load resource: the server responded with a status of 404 () @ https://mac-mini.tailde842d.ts.net/static/assets/Avatar.BqsShAeK.js:0
[    1371ms] [ERROR] Failed to load resource: the server responded with a status of 404 () @ https://mac-mini.tailde842d.ts.net/static/assets/Squircle.7-8MP1ZX.js:0
[    1373ms] [ERROR] Failed to load resource: the server responded with a status of 404 () @ https://mac-mini.tailde842d.ts.net/static/assets/esm.Dqo2-OpH.js:0
[    1375ms] [ERROR] Failed to load resource: the server responded with a status of 404 () @ https://mac-mini.tailde842d.ts.net/static/assets/urls.BYXG9b61.js:0
[    1376ms] [ERROR] Failed to load resource: the server responded with a status of 404 () @ https://mac-mini.tailde842d.ts.net/static/assets/Notice.CRK969_t.js:0
[    1377ms] [ERROR] Failed to load resource: the server responded with a status of 404 () @ https://mac-mini.tailde842d.ts.net/static/assets/Login.B4-fmlTZ.js:0
[    1378ms] [ERROR] Failed to load resource: the server responded with a status of 404 () @ https://mac-mini.tailde842d.ts.net/static/assets/ButtonLarge.DcsXv1uR.js:0
[    1379ms] [ERROR] Failed to load resource: the server responded with a status of 404 () @ https://mac-mini.tailde842d.ts.net/static/assets/Centered.5YPfB5UQ.js:0
[    1380ms] [ERROR] Failed to load resource: the server responded with a status of 404 () @ https://mac-mini.tailde842d.ts.net/static/assets/OutlineIcon.C3SMZYJR.js:0
[    1382ms] [ERROR] Failed to load resource: the server responded with a status of 404 () @ https://mac-mini.tailde842d.ts.net/static/assets/TeamLogo.C8YLgKbp.js:0
[    1382ms] [ERROR] Failed to load resource: the server responded with a status of 404 () @ https://mac-mini.tailde842d.ts.net/static/assets/Login.D6ILuEGs.js:0
[    1384ms] [ERROR] Failed to load resource: the server responded with a status of 404 () @ https://mac-mini.tailde842d.ts.net/images/icon-192.png:0
[    1385ms] [ERROR] A bad HTTP response code (404) was received when fetching the script. @ :0
[    1386ms] [WARNING] Error while trying to use the following icon from the Manifest: https://mac-mini.tailde842d.ts.net/images/icon-192.png (Download error or resource isn't a valid image) @ https://mac-mini.tailde842d.ts.net/:0
[    1386ms] [ERROR] Failed to load resource: the server responded with a status of 404 () @ https://mac-mini.tailde842d.ts.net/locales/zh_TW.json:0
[    4387ms] [WARNING] The resource https://mac-mini.tailde842d.ts.net/_next/static/media/78fec81b34c4a365.p.woff2 was preloaded using link preload but not used within a few seconds from the window's load event. Please make sure it has an appropriate `as` value and it is preloaded intentionally. @ https://mac-mini.tailde842d.ts.net/:0
[    4387ms] [WARNING] The resource https://mac-mini.tailde842d.ts.net/_next/static/media/27834908180db20f-s.p.woff2 was preloaded using link preload but not used within a few seconds from the window's load event. Please make sure it has an appropriate `as` value and it is preloaded intentionally. @ https://mac-mini.tailde842d.ts.net/:0
[  172363ms] [WARNING] Manifest: property 'scope' ignored. Start url should be within scope of scope URL. @ https://mac-mini.tailde842d.ts.net/outline/static/manifest.webmanifest:0
[  172528ms] [ERROR] Failed to load resource: the server responded with a status of 401 () @ https://mac-mini.tailde842d.ts.net/api/auth.info:0
[  172566ms] iu
[  172780ms] [ERROR] Failed to load resource: the server responded with a status of 404 () @ https://mac-mini.tailde842d.ts.net/static/assets/client.DYJp6F83.js:0
[  172794ms] [ERROR] Failed to load resource: the server responded with a status of 404 () @ https://mac-mini.tailde842d.ts.net/static/assets/rolldown-runtime.eihneIGD.js:0
[  172806ms] [ERROR] Failed to load resource: the server responded with a status of 404 () @ https://mac-mini.tailde842d.ts.net/static/assets/vendor-react.ViTgrzW6.js:0
[  172814ms] [ERROR] Failed to load resource: the server responded with a status of 404 () @ https://mac-mini.tailde842d.ts.net/static/assets/vendor-shared.DwEiQ2jE.js:0
[  172823ms] [ERROR] Failed to load resource: the server responded with a status of 404 () @ https://mac-mini.tailde842d.ts.net/static/assets/client.DTEjI1zp.js:0
[  172833ms] [ERROR] Failed to load resource: the server responded with a status of 404 () @ https://mac-mini.tailde842d.ts.net/static/assets/Icon.cL64MWCb.js:0
[  172841ms] [ERROR] Failed to load resource: the server responded with a status of 404 () @ https://mac-mini.tailde842d.ts.net/static/assets/Icon.BrRwYlpN.js:0
[  172847ms] [ERROR] Failed to load resource: the server responded with a status of 404 () @ https://mac-mini.tailde842d.ts.net/static/assets/InputSelect.CTXrG1zp.js:0
[  172856ms] [ERROR] Failed to load resource: the server responded with a status of 404 () @ https://mac-mini.tailde842d.ts.net/static/assets/client.DkLBhbZW.js:0
[  172862ms] [ERROR] Failed to load resource: the server responded with a status of 404 () @ https://mac-mini.tailde842d.ts.net/static/assets/Icon._QFtLG9V.js:0
[  172873ms] [ERROR] Failed to load resource: the server responded with a status of 404 () @ https://mac-mini.tailde842d.ts.net/static/assets/vendor-lodash.XzcNXgWo.js:0
[  172878ms] [ERROR] Failed to load resource: the server responded with a status of 404 () @ https://mac-mini.tailde842d.ts.net/static/assets/client.DghlnsEn.js:0
[  172889ms] [ERROR] Failed to load resource: the server responded with a status of 404 () @ https://mac-mini.tailde842d.ts.net/static/assets/client.DjORKmRX.js:0
[  172895ms] [ERROR] Failed to load resource: the server responded with a status of 404 () @ https://mac-mini.tailde842d.ts.net/static/assets/Icon.Xcn_1DvK.js:0
[  172903ms] [ERROR] Failed to load resource: the server responded with a status of 404 () @ https://mac-mini.tailde842d.ts.net/static/assets/client.vS6r4ydG.js:0
[  172910ms] [ERROR] Failed to load resource: the server responded with a status of 404 () @ https://mac-mini.tailde842d.ts.net/static/assets/client.DNAgO6FY.js:0
[  172917ms] [ERROR] Failed to load resource: the server responded with a status of 404 () @ https://mac-mini.tailde842d.ts.net/static/assets/client.B1RcHQ8b.js:0
[  172924ms] [ERROR] Failed to load resource: the server responded with a status of 404 () @ https://mac-mini.tailde842d.ts.net/static/assets/client.DIqA18-Q.js:0
[  172931ms] [ERROR] Failed to load resource: the server responded with a status of 404 () @ https://mac-mini.tailde842d.ts.net/static/assets/client.efCIJhb9.js:0
[  172939ms] [ERROR] Failed to load resource: the server responded with a status of 404 () @ https://mac-mini.tailde842d.ts.net/static/assets/Icon.BD0cMPJS.js:0
[  172947ms] [ERROR] Failed to load resource: the server responded with a status of 404 () @ https://mac-mini.tailde842d.ts.net/static/assets/Icon.DE9WTY46.js:0
[  172952ms] [ERROR] Failed to load resource: the server responded with a status of 404 () @ https://mac-mini.tailde842d.ts.net/static/assets/Icon.RRId9ddX.js:0
[  172969ms] [ERROR] Failed to load resource: the server responded with a status of 404 () @ https://mac-mini.tailde842d.ts.net/static/assets/Drawer.jH0iZz7E.js:0
[  172978ms] [ERROR] Failed to load resource: the server responded with a status of 404 () @ https://mac-mini.tailde842d.ts.net/static/assets/client.Zzu-hO3j.js:0
[  172988ms] [ERROR] Failed to load resource: the server responded with a status of 404 () @ https://mac-mini.tailde842d.ts.net/static/assets/client.CS70eF_E.js:0
[  172996ms] [ERROR] Failed to load resource: the server responded with a status of 404 () @ https://mac-mini.tailde842d.ts.net/static/assets/es2015.DO1Idlem.js:0
[  173002ms] [ERROR] Failed to load resource: the server responded with a status of 404 () @ https://mac-mini.tailde842d.ts.net/static/assets/dist.B6NaJ15q.js:0
[  173012ms] [ERROR] Failed to load resource: the server responded with a status of 404 () @ https://mac-mini.tailde842d.ts.net/static/assets/client.CMI7-6ep.js:0
[  173019ms] [ERROR] Failed to load resource: the server responded with a status of 404 () @ https://mac-mini.tailde842d.ts.net/static/assets/vendor-framer-motion.DlSmCx-d.js:0
[  173031ms] [ERROR] Failed to load resource: the server responded with a status of 404 () @ https://mac-mini.tailde842d.ts.net/static/assets/dist.BIUlr4sZ.js:0
[  173031ms] [ERROR] Failed to load resource: the server responded with a status of 404 () @ https://mac-mini.tailde842d.ts.net/static/assets/useWindowSize.CFlZwzOn.js:0
[  173041ms] [ERROR] Failed to load resource: the server responded with a status of 404 () @ https://mac-mini.tailde842d.ts.net/static/assets/InputSelectPermission.ChRI6n11.js:0
[  173047ms] [ERROR] Failed to load resource: the server responded with a status of 404 () @ https://mac-mini.tailde842d.ts.net/static/assets/Icon.CFYr2Daw.js:0
[  173054ms] [ERROR] Refused to apply style from 'https://mac-mini.tailde842d.ts.net/static/assets/vendor-react.J4u_ju8H.css' because its MIME type ('text/html') is not a supported stylesheet MIME type, and strict MIME checking is enabled. @ https://mac-mini.tailde842d.ts.net/:0
[  173059ms] Error: Unable to preload CSS for /static/assets/vendor-react.J4u_ju8H.css
    at HTMLLinkElement.<anonymous> (https://mac-mini.tailde842d.ts.net/outline/static/assets/vendor-shared.DwEiQ2jE.js:1:1922)
[  173069ms] [ERROR] Failed to load resource: the server responded with a status of 404 () @ https://mac-mini.tailde842d.ts.net/static/assets/LazyLoad.DJuQKVjL.js:0
[  173069ms] [ERROR] Failed to load resource: the server responded with a status of 404 () @ https://mac-mini.tailde842d.ts.net/static/assets/client.BlJfDh4e.js:0
[  173076ms] [ERROR] Failed to load resource: the server responded with a status of 404 () @ https://mac-mini.tailde842d.ts.net/static/assets/useCurrentTeam.wEzLtjzB.js:0
[  173083ms] [ERROR] Failed to load resource: the server responded with a status of 404 () @ https://mac-mini.tailde842d.ts.net/static/assets/useBoolean.CoQ6EyKy.js:0
[  173087ms] [ERROR] Failed to load resource: the server responded with a status of 404 () @ https://mac-mini.tailde842d.ts.net/static/assets/client.D2wt6bHh.js:0
[  173097ms] [ERROR] Failed to load resource: the server responded with a status of 404 () @ https://mac-mini.tailde842d.ts.net/static/assets/dist.BgirTksm.js:0
[  173103ms] [ERROR] Failed to load resource: the server responded with a status of 404 () @ https://mac-mini.tailde842d.ts.net/static/assets/vendor-styled.DXBwrUrg.js:0
[  173103ms] [ERROR] Failed to load resource: the server responded with a status of 401 () @ https://mac-mini.tailde842d.ts.net/api/auth.delete:0
[  173104ms] [ERROR] Failed to delete authentication {error: iu, extra: undefined} @ https://mac-mini.tailde842d.ts.net/outline/static/assets/index.DVSVbJAN.js:20
[  173111ms] [ERROR] Failed to load resource: the server responded with a status of 404 () @ https://mac-mini.tailde842d.ts.net/static/assets/Scrollable.CKqX2Jro.js:0
[  173123ms] [ERROR] Failed to load resource: the server responded with a status of 404 () @ https://mac-mini.tailde842d.ts.net/static/assets/Icon.BWBX741b.js:0
[  173135ms] [ERROR] Failed to load resource: the server responded with a status of 404 () @ https://mac-mini.tailde842d.ts.net/static/assets/client.jA1nenIS.js:0
[  173144ms] [ERROR] Failed to load resource: the server responded with a status of 404 () @ https://mac-mini.tailde842d.ts.net/static/assets/routeHelpers.DPcHBTR5.js:0
[  173154ms] [ERROR] Failed to load resource: the server responded with a status of 404 () @ https://mac-mini.tailde842d.ts.net/static/assets/client.rzC8Wk85.js:0
[  173160ms] [ERROR] Failed to load resource: the server responded with a status of 404 () @ https://mac-mini.tailde842d.ts.net/locales/en_US.json:0
[  173170ms] [ERROR] Failed to load resource: the server responded with a status of 404 () @ https://mac-mini.tailde842d.ts.net/static/assets/Authenticated.BaP482yM.js:0
[  173177ms] [ERROR] Failed to load resource: the server responded with a status of 404 () @ https://mac-mini.tailde842d.ts.net/static/assets/language.BnEMHwtK.js:0
[  173184ms] [ERROR] Failed to load resource: the server responded with a status of 404 () @ https://mac-mini.tailde842d.ts.net/static/assets/useCurrentUser.CHDaKoH2.js:0
[  173194ms] [ERROR] Failed to load resource: the server responded with a status of 404 () @ https://mac-mini.tailde842d.ts.net/static/assets/dist.DitzDZer.js:0
[  173200ms] [ERROR] Failed to load resource: the server responded with a status of 404 () @ https://mac-mini.tailde842d.ts.net/static/assets/NudeButton.CTvmfSix.js:0
[  173204ms] [ERROR] Failed to load resource: the server responded with a status of 404 () @ https://mac-mini.tailde842d.ts.net/static/assets/LoadingIndicator.bybfNs1a.js:0
[  173229ms] [ERROR] Failed to load resource: the server responded with a status of 404 () @ https://mac-mini.tailde842d.ts.net/static/assets/Login.D6ILuEGs.js:0
[  173229ms] [ERROR] Failed to load resource: the server responded with a status of 401 () @ https://mac-mini.tailde842d.ts.net/api/auth.config:0
[  173235ms] [ERROR] Failed to load resource: the server responded with a status of 404 () @ https://mac-mini.tailde842d.ts.net/static/assets/Squircle.7-8MP1ZX.js:0
[  173238ms] [ERROR] Failed to load resource: the server responded with a status of 404 () @ https://mac-mini.tailde842d.ts.net/static/assets/OutlineIcon.C3SMZYJR.js:0
[  173242ms] [ERROR] Failed to load resource: the server responded with a status of 404 () @ https://mac-mini.tailde842d.ts.net/static/assets/Notice.CRK969_t.js:0
[  173247ms] [ERROR] Failed to load resource: the server responded with a status of 404 () @ https://mac-mini.tailde842d.ts.net/static/assets/esm.Dqo2-OpH.js:0
[  173251ms] [ERROR] Failed to load resource: the server responded with a status of 404 () @ https://mac-mini.tailde842d.ts.net/static/assets/Login.B4-fmlTZ.js:0
[  173254ms] [ERROR] Failed to load resource: the server responded with a status of 404 () @ https://mac-mini.tailde842d.ts.net/static/assets/Centered.5YPfB5UQ.js:0
[  173255ms] [ERROR] Failed to load resource: the server responded with a status of 404 () @ https://mac-mini.tailde842d.ts.net/static/assets/TeamLogo.C8YLgKbp.js:0
[  173256ms] [ERROR] Failed to load resource: the server responded with a status of 404 () @ https://mac-mini.tailde842d.ts.net/static/assets/Avatar.BqsShAeK.js:0
[  173258ms] [ERROR] Failed to load resource: the server responded with a status of 404 () @ https://mac-mini.tailde842d.ts.net/static/assets/PluginIcon.BwmrFBsI.js:0
[  173260ms] [ERROR] Failed to load resource: the server responded with a status of 404 () @ https://mac-mini.tailde842d.ts.net/static/assets/dist.o9rjp70Q.js:0
[  173261ms] [ERROR] Failed to load resource: the server responded with a status of 404 () @ https://mac-mini.tailde842d.ts.net/static/assets/ButtonLarge.DcsXv1uR.js:0
[  173264ms] [ERROR] Failed to load resource: the server responded with a status of 404 () @ https://mac-mini.tailde842d.ts.net/static/assets/urls.BYXG9b61.js:0
[  173265ms] [ERROR] Failed to load resource: the server responded with a status of 404 () @ https://mac-mini.tailde842d.ts.net/images/icon-192.png:0
[  173266ms] [ERROR] A bad HTTP response code (404) was received when fetching the script. @ :0
[  173265ms] [WARNING] Error while trying to use the following icon from the Manifest: https://mac-mini.tailde842d.ts.net/images/icon-192.png (Download error or resource isn't a valid image) @ https://mac-mini.tailde842d.ts.net/:0
[  173269ms] [ERROR] Failed to load resource: the server responded with a status of 404 () @ https://mac-mini.tailde842d.ts.net/locales/zh_TW.json:0
[  176282ms] [WARNING] The resource https://mac-mini.tailde842d.ts.net/_next/static/media/78fec81b34c4a365.p.woff2 was preloaded using link preload but not used within a few seconds from the window's load event. Please make sure it has an appropriate `as` value and it is preloaded intentionally. @ https://mac-mini.tailde842d.ts.net/:0
[  176282ms] [WARNING] The resource https://mac-mini.tailde842d.ts.net/_next/static/media/27834908180db20f-s.p.woff2 was preloaded using link preload but not used within a few seconds from the window's load event. Please make sure it has an appropriate `as` value and it is preloaded intentionally. @ https://mac-mini.tailde842d.ts.net/:0
[  208888ms] [WARNING] Manifest: property 'scope' ignored. Start url should be within scope of scope URL. @ https://mac-mini.tailde842d.ts.net/outline/static/manifest.webmanifest:0
[  208975ms] [ERROR] Failed to load resource: the server responded with a status of 401 () @ https://mac-mini.tailde842d.ts.net/api/auth.info:0
[  208979ms] [ERROR] Failed to load resource: the server responded with a status of 404 () @ https://mac-mini.tailde842d.ts.net/static/assets/client.DYJp6F83.js:0
[  209074ms] iu
[  209219ms] [ERROR] Failed to load resource: the server responded with a status of 404 () @ https://mac-mini.tailde842d.ts.net/static/assets/vendor-react.ViTgrzW6.js:0
[  209219ms] [ERROR] Failed to load resource: the server responded with a status of 404 () @ https://mac-mini.tailde842d.ts.net/static/assets/client.efCIJhb9.js:0
[  209235ms] [ERROR] Failed to load resource: the server responded with a status of 404 () @ https://mac-mini.tailde842d.ts.net/static/assets/vendor-styled.DXBwrUrg.js:0
[  209264ms] [ERROR] Failed to load resource: the server responded with a status of 404 () @ https://mac-mini.tailde842d.ts.net/static/assets/Icon.BD0cMPJS.js:0
[  209269ms] [ERROR] Failed to load resource: the server responded with a status of 404 () @ https://mac-mini.tailde842d.ts.net/static/assets/client.CMI7-6ep.js:0
[  209286ms] [ERROR] Failed to load resource: the server responded with a status of 404 () @ https://mac-mini.tailde842d.ts.net/static/assets/client.DTEjI1zp.js:0
[  209298ms] [ERROR] Failed to load resource: the server responded with a status of 404 () @ https://mac-mini.tailde842d.ts.net/static/assets/Drawer.jH0iZz7E.js:0
[  209307ms] [ERROR] Failed to load resource: the server responded with a status of 404 () @ https://mac-mini.tailde842d.ts.net/static/assets/rolldown-runtime.eihneIGD.js:0
[  209318ms] [ERROR] Failed to load resource: the server responded with a status of 404 () @ https://mac-mini.tailde842d.ts.net/static/assets/client.Zzu-hO3j.js:0
[  209332ms] [ERROR] Failed to load resource: the server responded with a status of 404 () @ https://mac-mini.tailde842d.ts.net/static/assets/client.B1RcHQ8b.js:0
[  209351ms] [ERROR] Failed to load resource: the server responded with a status of 404 () @ https://mac-mini.tailde842d.ts.net/static/assets/NudeButton.CTvmfSix.js:0
[  209361ms] [ERROR] Failed to load resource: the server responded with a status of 404 () @ https://mac-mini.tailde842d.ts.net/static/assets/Icon._QFtLG9V.js:0
[  209382ms] [ERROR] Refused to apply style from 'https://mac-mini.tailde842d.ts.net/static/assets/vendor-react.J4u_ju8H.css' because its MIME type ('text/html') is not a supported stylesheet MIME type, and strict MIME checking is enabled. @ https://mac-mini.tailde842d.ts.net/:0
[  209385ms] Error: Unable to preload CSS for /static/assets/vendor-react.J4u_ju8H.css
    at HTMLLinkElement.<anonymous> (https://mac-mini.tailde842d.ts.net/outline/static/assets/vendor-shared.DwEiQ2jE.js:1:1922)
[  209395ms] [ERROR] Failed to load resource: the server responded with a status of 404 () @ https://mac-mini.tailde842d.ts.net/static/assets/client.jA1nenIS.js:0
[  209418ms] [ERROR] Failed to load resource: the server responded with a status of 404 () @ https://mac-mini.tailde842d.ts.net/static/assets/client.CS70eF_E.js:0
[  209420ms] [ERROR] Failed to load resource: the server responded with a status of 404 () @ https://mac-mini.tailde842d.ts.net/static/assets/client.DIqA18-Q.js:0
[  209429ms] [ERROR] Failed to load resource: the server responded with a status of 404 () @ https://mac-mini.tailde842d.ts.net/static/assets/Icon.cL64MWCb.js:0
[  209441ms] [ERROR] Failed to load resource: the server responded with a status of 404 () @ https://mac-mini.tailde842d.ts.net/static/assets/Icon.DE9WTY46.js:0
[  209458ms] [ERROR] Failed to load resource: the server responded with a status of 404 () @ https://mac-mini.tailde842d.ts.net/static/assets/InputSelect.CTXrG1zp.js:0
[  209469ms] [ERROR] Failed to load resource: the server responded with a status of 404 () @ https://mac-mini.tailde842d.ts.net/static/assets/client.BlJfDh4e.js:0
[  209479ms] [ERROR] Failed to load resource: the server responded with a status of 404 () @ https://mac-mini.tailde842d.ts.net/static/assets/vendor-lodash.XzcNXgWo.js:0
[  209491ms] [ERROR] Failed to load resource: the server responded with a status of 404 () @ https://mac-mini.tailde842d.ts.net/static/assets/Icon.BrRwYlpN.js:0
[  209510ms] [ERROR] Failed to load resource: the server responded with a status of 404 () @ https://mac-mini.tailde842d.ts.net/static/assets/useWindowSize.CFlZwzOn.js:0
[  209521ms] [ERROR] Failed to load resource: the server responded with a status of 404 () @ https://mac-mini.tailde842d.ts.net/static/assets/vendor-shared.DwEiQ2jE.js:0
[  209533ms] [ERROR] Failed to load resource: the server responded with a status of 404 () @ https://mac-mini.tailde842d.ts.net/static/assets/client.DghlnsEn.js:0
[  209548ms] [ERROR] Failed to load resource: the server responded with a status of 404 () @ https://mac-mini.tailde842d.ts.net/static/assets/Scrollable.CKqX2Jro.js:0
[  209561ms] [ERROR] Failed to load resource: the server responded with a status of 404 () @ https://mac-mini.tailde842d.ts.net/static/assets/client.D2wt6bHh.js:0
[  209577ms] [ERROR] Failed to load resource: the server responded with a status of 404 () @ https://mac-mini.tailde842d.ts.net/static/assets/LazyLoad.DJuQKVjL.js:0
[  209588ms] [ERROR] Failed to load resource: the server responded with a status of 404 () @ https://mac-mini.tailde842d.ts.net/static/assets/client.rzC8Wk85.js:0
[  209595ms] [ERROR] Failed to load resource: the server responded with a status of 404 () @ https://mac-mini.tailde842d.ts.net/static/assets/Icon.RRId9ddX.js:0
[  209609ms] [ERROR] Failed to load resource: the server responded with a status of 404 () @ https://mac-mini.tailde842d.ts.net/locales/en_US.json:0
[  209618ms] [ERROR] Failed to load resource: the server responded with a status of 404 () @ https://mac-mini.tailde842d.ts.net/static/assets/Icon.BWBX741b.js:0
[  209633ms] [ERROR] Failed to load resource: the server responded with a status of 404 () @ https://mac-mini.tailde842d.ts.net/static/assets/dist.BgirTksm.js:0
[  209641ms] [ERROR] Failed to load resource: the server responded with a status of 404 () @ https://mac-mini.tailde842d.ts.net/static/assets/vendor-framer-motion.DlSmCx-d.js:0
[  209650ms] [ERROR] Failed to load resource: the server responded with a status of 404 () @ https://mac-mini.tailde842d.ts.net/static/assets/client.vS6r4ydG.js:0
[  209657ms] [ERROR] Failed to load resource: the server responded with a status of 404 () @ https://mac-mini.tailde842d.ts.net/static/assets/es2015.DO1Idlem.js:0
[  209667ms] [ERROR] Failed to load resource: the server responded with a status of 404 () @ https://mac-mini.tailde842d.ts.net/static/assets/client.DjORKmRX.js:0
[  209676ms] [ERROR] Failed to load resource: the server responded with a status of 404 () @ https://mac-mini.tailde842d.ts.net/static/assets/client.DkLBhbZW.js:0
[  209678ms] [ERROR] Failed to load resource: the server responded with a status of 401 () @ https://mac-mini.tailde842d.ts.net/api/auth.delete:0
[  209678ms] [ERROR] Failed to delete authentication {error: iu, extra: undefined} @ https://mac-mini.tailde842d.ts.net/outline/static/assets/index.DVSVbJAN.js:20
[  209689ms] [ERROR] Failed to load resource: the server responded with a status of 404 () @ https://mac-mini.tailde842d.ts.net/static/assets/Icon.Xcn_1DvK.js:0
[  209697ms] [ERROR] Failed to load resource: the server responded with a status of 404 () @ https://mac-mini.tailde842d.ts.net/static/assets/dist.DitzDZer.js:0
[  209706ms] [ERROR] Failed to load resource: the server responded with a status of 404 () @ https://mac-mini.tailde842d.ts.net/static/assets/useBoolean.CoQ6EyKy.js:0
[  209712ms] [ERROR] Failed to load resource: the server responded with a status of 404 () @ https://mac-mini.tailde842d.ts.net/static/assets/dist.BIUlr4sZ.js:0
[  209722ms] [ERROR] Failed to load resource: the server responded with a status of 404 () @ https://mac-mini.tailde842d.ts.net/static/assets/dist.B6NaJ15q.js:0
[  209728ms] [ERROR] Failed to load resource: the server responded with a status of 404 () @ https://mac-mini.tailde842d.ts.net/static/assets/routeHelpers.DPcHBTR5.js:0
[  209737ms] [ERROR] Failed to load resource: the server responded with a status of 404 () @ https://mac-mini.tailde842d.ts.net/static/assets/useCurrentTeam.wEzLtjzB.js:0
[  209742ms] [ERROR] Failed to load resource: the server responded with a status of 404 () @ https://mac-mini.tailde842d.ts.net/static/assets/client.DNAgO6FY.js:0
[  209751ms] [ERROR] Failed to load resource: the server responded with a status of 404 () @ https://mac-mini.tailde842d.ts.net/static/assets/InputSelectPermission.ChRI6n11.js:0
[  209755ms] [ERROR] Failed to load resource: the server responded with a status of 404 () @ https://mac-mini.tailde842d.ts.net/static/assets/Authenticated.BaP482yM.js:0
[  209762ms] [ERROR] Failed to load resource: the server responded with a status of 404 () @ https://mac-mini.tailde842d.ts.net/static/assets/Icon.CFYr2Daw.js:0
[  209773ms] [ERROR] Failed to load resource: the server responded with a status of 404 () @ https://mac-mini.tailde842d.ts.net/static/assets/LoadingIndicator.bybfNs1a.js:0
[  209791ms] [ERROR] Failed to load resource: the server responded with a status of 404 () @ https://mac-mini.tailde842d.ts.net/static/assets/useCurrentUser.CHDaKoH2.js:0
[  209797ms] [ERROR] Failed to load resource: the server responded with a status of 404 () @ https://mac-mini.tailde842d.ts.net/static/assets/Avatar.BqsShAeK.js:0
[  209798ms] [ERROR] Failed to load resource: the server responded with a status of 401 () @ https://mac-mini.tailde842d.ts.net/api/auth.config:0
[  209809ms] [ERROR] Failed to load resource: the server responded with a status of 404 () @ https://mac-mini.tailde842d.ts.net/static/assets/language.BnEMHwtK.js:0
[  209814ms] [ERROR] Failed to load resource: the server responded with a status of 404 () @ https://mac-mini.tailde842d.ts.net/static/assets/Login.B4-fmlTZ.js:0
[  209819ms] [ERROR] Failed to load resource: the server responded with a status of 404 () @ https://mac-mini.tailde842d.ts.net/static/assets/Squircle.7-8MP1ZX.js:0
[  209824ms] [ERROR] Failed to load resource: the server responded with a status of 404 () @ https://mac-mini.tailde842d.ts.net/static/assets/ButtonLarge.DcsXv1uR.js:0
[  209826ms] [ERROR] Failed to load resource: the server responded with a status of 404 () @ https://mac-mini.tailde842d.ts.net/static/assets/Login.D6ILuEGs.js:0
[  209827ms] [ERROR] Failed to load resource: the server responded with a status of 404 () @ https://mac-mini.tailde842d.ts.net/static/assets/OutlineIcon.C3SMZYJR.js:0
[  209828ms] [ERROR] Failed to load resource: the server responded with a status of 404 () @ https://mac-mini.tailde842d.ts.net/static/assets/urls.BYXG9b61.js:0
[  209831ms] [ERROR] Failed to load resource: the server responded with a status of 404 () @ https://mac-mini.tailde842d.ts.net/static/assets/Notice.CRK969_t.js:0
[  209832ms] [ERROR] Failed to load resource: the server responded with a status of 404 () @ https://mac-mini.tailde842d.ts.net/static/assets/dist.o9rjp70Q.js:0
[  209835ms] [ERROR] Failed to load resource: the server responded with a status of 404 () @ https://mac-mini.tailde842d.ts.net/static/assets/PluginIcon.BwmrFBsI.js:0
[  209836ms] [ERROR] Failed to load resource: the server responded with a status of 404 () @ https://mac-mini.tailde842d.ts.net/static/assets/Centered.5YPfB5UQ.js:0
[  209842ms] [ERROR] Failed to load resource: the server responded with a status of 404 () @ https://mac-mini.tailde842d.ts.net/static/assets/TeamLogo.C8YLgKbp.js:0
[  209843ms] [ERROR] Failed to load resource: the server responded with a status of 404 () @ https://mac-mini.tailde842d.ts.net/images/icon-192.png:0
[  209844ms] [ERROR] Failed to load resource: the server responded with a status of 404 () @ https://mac-mini.tailde842d.ts.net/static/assets/esm.Dqo2-OpH.js:0
[  209844ms] [WARNING] Error while trying to use the following icon from the Manifest: https://mac-mini.tailde842d.ts.net/images/icon-192.png (Download error or resource isn't a valid image) @ https://mac-mini.tailde842d.ts.net/:0
[  209845ms] [ERROR] A bad HTTP response code (404) was received when fetching the script. @ :0
[  209846ms] [ERROR] Failed to load resource: the server responded with a status of 404 () @ https://mac-mini.tailde842d.ts.net/locales/zh_TW.json:0
[  212851ms] [WARNING] The resource https://mac-mini.tailde842d.ts.net/_next/static/media/78fec81b34c4a365.p.woff2 was preloaded using link preload but not used within a few seconds from the window's load event. Please make sure it has an appropriate `as` value and it is preloaded intentionally. @ https://mac-mini.tailde842d.ts.net/:0
[  212851ms] [WARNING] The resource https://mac-mini.tailde842d.ts.net/_next/static/media/27834908180db20f-s.p.woff2 was preloaded using link preload but not used within a few seconds from the window's load event. Please make sure it has an appropriate `as` value and it is preloaded intentionally. @ https://mac-mini.tailde842d.ts.net/:0
[35464870ms] [ERROR] Failed to load resource: the server responded with a status of 404 () @ https://mac-mini.tailde842d.ts.net/static/assets/index.DVSVbJAN.js:0
[35464910ms] [ERROR] Failed to load resource: the server responded with a status of 404 () @ https://mac-mini.tailde842d.ts.net/static/assets/vendor-react.ViTgrzW6.js:0
[35464910ms] [ERROR] Failed to load resource: the server responded with a status of 404 () @ https://mac-mini.tailde842d.ts.net/static/assets/vendor-shared.DwEiQ2jE.js:0
[35464910ms] [ERROR] Failed to load resource: the server responded with a status of 404 () @ https://mac-mini.tailde842d.ts.net/static/assets/vendor-sentry.CvIX3Nu-.js:0
[35464911ms] [ERROR] Failed to load resource: the server responded with a status of 404 () @ https://mac-mini.tailde842d.ts.net/static/assets/vendor-styled.DXBwrUrg.js:0
[35464912ms] [ERROR] Failed to load resource: the server responded with a status of 404 () @ https://mac-mini.tailde842d.ts.net/static/assets/vendor-date.BjD10NZT.js:0
[35464935ms] [ERROR] Failed to load resource: the server responded with a status of 404 () @ https://mac-mini.tailde842d.ts.net/static/assets/nodes.B3op5pO2.js:0
[35464942ms] [ERROR] Failed to load resource: the server responded with a status of 404 () @ https://mac-mini.tailde842d.ts.net/static/assets/vendor-lodash.XzcNXgWo.js:0
[35464951ms] [ERROR] Failed to load resource: the server responded with a status of 404 () @ https://mac-mini.tailde842d.ts.net/static/assets/rolldown-runtime.eihneIGD.js:0
[35464960ms] [ERROR] Failed to load resource: the server responded with a status of 404 () @ https://mac-mini.tailde842d.ts.net/static/assets/dist.BIUlr4sZ.js:0
[35464967ms] [ERROR] Failed to load resource: the server responded with a status of 404 () @ https://mac-mini.tailde842d.ts.net/static/assets/CopyToClipboard.Cz_2Hb8O.js:0
[35464973ms] [ERROR] Failed to load resource: the server responded with a status of 404 () @ https://mac-mini.tailde842d.ts.net/static/assets/vendor-prosemirror.Bu9QBJPE.js:0
[35464980ms] [ERROR] Failed to load resource: the server responded with a status of 404 () @ https://mac-mini.tailde842d.ts.net/static/assets/vendor-framer-motion.DlSmCx-d.js:0
[35464986ms] [ERROR] Failed to load resource: the server responded with a status of 404 () @ https://mac-mini.tailde842d.ts.net/static/assets/HStack.GnAf8OI2.js:0
[35464991ms] [ERROR] Failed to load resource: the server responded with a status of 404 () @ https://mac-mini.tailde842d.ts.net/static/assets/LoadingIndicator.bybfNs1a.js:0
[35464995ms] [ERROR] Failed to load resource: the server responded with a status of 404 () @ https://mac-mini.tailde842d.ts.net/static/assets/Actions.DfBJuCh5.js:0
[35465000ms] [ERROR] Failed to load resource: the server responded with a status of 404 () @ https://mac-mini.tailde842d.ts.net/static/assets/EditorContext.BWA67Ey5.js:0
[35465004ms] [ERROR] Failed to load resource: the server responded with a status of 404 () @ https://mac-mini.tailde842d.ts.net/static/assets/copy-to-clipboard.BBcLxQ9-.js:0
[35465008ms] [ERROR] Failed to load resource: the server responded with a status of 404 () @ https://mac-mini.tailde842d.ts.net/static/assets/index.es.DuIqgdbP.js:0
[35465021ms] [ERROR] Failed to load resource: the server responded with a status of 404 () @ https://mac-mini.tailde842d.ts.net/static/assets/Portal.B-mf2JxX.js:0
[35465021ms] [ERROR] Failed to load resource: the server responded with a status of 404 () @ https://mac-mini.tailde842d.ts.net/static/assets/Video.CJn15WZD.js:0
[35465024ms] [ERROR] Failed to load resource: the server responded with a status of 404 () @ https://mac-mini.tailde842d.ts.net/static/assets/vendor-collab.BXeyX8vG.js:0
[35465033ms] [ERROR] Failed to load resource: the server responded with a status of 404 () @ https://mac-mini.tailde842d.ts.net/static/assets/TextHelper.BZ0bRvW5.js:0
[35465034ms] [ERROR] Failed to load resource: the server responded with a status of 404 () @ https://mac-mini.tailde842d.ts.net/static/assets/embeds.BtiDO71z.js:0
[35465037ms] [ERROR] Failed to load resource: the server responded with a status of 404 () @ https://mac-mini.tailde842d.ts.net/static/assets/Spinner.BCYsYmP5.js:0
[35465039ms] [ERROR] Failed to load resource: the server responded with a status of 404 () @ https://mac-mini.tailde842d.ts.net/static/assets/Squircle.7-8MP1ZX.js:0
[35465040ms] [ERROR] Failed to load resource: the server responded with a status of 404 () @ https://mac-mini.tailde842d.ts.net/static/assets/IconLibrary.BlAZoYzT.js:0
[35465041ms] [ERROR] Failed to load resource: the server responded with a status of 404 () @ https://mac-mini.tailde842d.ts.net/static/assets/CustomEmoji.CVV2Fwhm.js:0
[35465042ms] [ERROR] Failed to load resource: the server responded with a status of 404 () @ https://mac-mini.tailde842d.ts.net/static/assets/Styles.D28Brm_K.js:0
[35465043ms] [ERROR] Failed to load resource: the server responded with a status of 404 () @ https://mac-mini.tailde842d.ts.net/static/assets/ExtensionManager.DQwroAw6.js:0
[35465044ms] [ERROR] Failed to load resource: the server responded with a status of 404 () @ https://mac-mini.tailde842d.ts.net/static/assets/Icon.2MEwZ-_S.js:0
[35465045ms] [ERROR] Failed to load resource: the server responded with a status of 404 () @ https://mac-mini.tailde842d.ts.net/static/assets/useShare.ChdT5iq8.js:0
[35465045ms] [ERROR] Failed to load resource: the server responded with a status of 404 () @ https://mac-mini.tailde842d.ts.net/static/assets/editor.BnM1NmQW.js:0
[35465046ms] [ERROR] Failed to load resource: the server responded with a status of 404 () @ https://mac-mini.tailde842d.ts.net/static/manifest.webmanifest:0
[35465046ms] [ERROR] Manifest fetch from https://mac-mini.tailde842d.ts.net/static/manifest.webmanifest failed, code 404 @ https://mac-mini.tailde842d.ts.net/outline:0
[35465048ms] [ERROR] Failed to load resource: the server responded with a status of 404 () @ https://mac-mini.tailde842d.ts.net/static/assets/NudeButton.CTvmfSix.js:0
[35465048ms] [ERROR] Failed to load resource: the server responded with a status of 404 () @ https://mac-mini.tailde842d.ts.net/static/assets/ProsemirrorHelper.900mEYJS.js:0
[35465048ms] [ERROR] Failed to load resource: the server responded with a status of 404 () @ https://mac-mini.tailde842d.ts.net/static/assets/validations.B6gIxofI.js:0
[35465048ms] [ERROR] Failed to load resource: the server responded with a status of 404 () @ https://mac-mini.tailde842d.ts.net/static/assets/index.DVSVbJAN.js:0
[35465049ms] [ERROR] Failed to load resource: the server responded with a status of 404 () @ https://mac-mini.tailde842d.ts.net/images/favicon-32.png:0
[35468051ms] [WARNING] The resource https://mac-mini.tailde842d.ts.net/_next/static/media/78fec81b34c4a365.p.woff2 was preloaded using link preload but not used within a few seconds from the window's load event. Please make sure it has an appropriate `as` value and it is preloaded intentionally. @ https://mac-mini.tailde842d.ts.net/outline:0
[35468051ms] [WARNING] The resource https://mac-mini.tailde842d.ts.net/_next/static/media/27834908180db20f-s.p.woff2 was preloaded using link preload but not used within a few seconds from the window's load event. Please make sure it has an appropriate `as` value and it is preloaded intentionally. @ https://mac-mini.tailde842d.ts.net/outline:0
[35496745ms] [WARNING] Manifest: property 'scope' ignored. Start url should be within scope of scope URL. @ https://mac-mini.tailde842d.ts.net:8443/static/manifest.webmanifest:0
[35497021ms] [ERROR] Failed to load resource: the server responded with a status of 401 () @ https://mac-mini.tailde842d.ts.net:8443/api/auth.info:0
[35497023ms] iu
